TN:
SF:/mnt/c/Users/Lourens/Documents/Recon-Fuzz/collabs/ebtc/packages/contracts/contracts/ActivePool.sol
DA:1,0
DA:25,0
DA:34,0
DA:36,0
DA:37,0
DA:38,0
DA:39,0
DA:44,0
DA:55,0
DA:60,0
DA:61,0
DA:62,0
DA:63,0
DA:64,0
DA:65,0
DA:68,0
DA:69,0
DA:70,0
DA:73,0
DA:82,0
DA:83,0
DA:90,0
DA:91,0
DA:97,0
DA:98,0
DA:108,0
DA:109,0
DA:111,0
DA:112,0
DA:115,0
DA:118,0
DA:120,0
DA:121,0
DA:123,0
DA:137,0
DA:141,0
DA:142,0
DA:144,0
DA:145,0
DA:146,0
DA:149,0
DA:151,0
DA:153,0
DA:154,0
DA:156,0
DA:165,0
DA:166,0
DA:168,0
DA:170,0
DA:173,0
DA:176,0
DA:178,0
DA:179,0
DA:181,0
DA:182,0
DA:189,0
DA:191,0
DA:193,0
DA:194,0
DA:202,0
DA:203,0
DA:205,0
DA:206,0
DA:208,0
DA:210,0
DA:225,0
DA:226,0
DA:228,0
DA:229,0
DA:231,0
DA:233,0
DA:234,0
DA:235,0
DA:240,0
DA:241,0
DA:247,0
DA:248,0
DA:249,0
DA:255,0
DA:256,0
DA:257,0
DA:263,0
DA:264,0
DA:270,0
DA:271,0
DA:273,0
DA:274,0
DA:275,0
DA:289,0
DA:294,0
DA:295,0
DA:296,0
DA:297,0
DA:299,0
DA:300,0
DA:302,0
DA:305,0
DA:306,0
DA:311,0
DA:314,0
DA:322,0
DA:323,0
DA:326,0
DA:327,0
DA:330,0
DA:331,0
DA:335,0
DA:337,0
DA:345,0
DA:346,0
DA:347,0
DA:349,0
DA:356,0
DA:357,0
DA:358,0
DA:361,0
DA:362,0
DA:365,0
DA:374,0
DA:375,0
DA:377,0
DA:378,0
DA:379,0
DA:384,0
DA:387,0
DA:388,0
DA:390,0
DA:399,0
DA:400,0
DA:402,0
DA:404,0
DA:405,0
DA:407,0
DA:409,0
DA:411,0
DA:416,0
DA:417,0
DA:419,0
DA:422,0
DA:423,0
DA:424,0
DA:429,0
DA:430,0
DA:432,0
DA:433,0
end_of_record

SF:/mnt/c/Users/Lourens/Documents/Recon-Fuzz/collabs/ebtc/packages/contracts/contracts/BorrowerOperations.sol
DA:21,0
DA:29,0
DA:33,0
DA:39,0
DA:53,0
DA:55,0
DA:57,0
DA:59,0
DA:62,0
DA:65,0
DA:106,0
DA:116,0
DA:117,0
DA:118,0
DA:119,0
DA:120,0
DA:122,0
DA:123,0
DA:124,0
DA:127,0
DA:128,0
DA:130,0
DA:131,0
DA:132,0
DA:133,0
DA:142,0
DA:143,0
DA:144,0
DA:148,0
DA:152,0
DA:165,0
DA:170,0
DA:171,0
DA:184,0
DA:190,0
DA:191,0
DA:200,0
DA:206,0
DA:216,0
DA:222,0
DA:232,0
DA:238,0
DA:247,0
DA:253,0
DA:267,0
DA:275,0
DA:276,0
DA:277,0
DA:278,0
DA:279,0
DA:280,0
DA:281,0
DA:282,0
DA:297,0
DA:306,0
DA:307,0
DA:308,0
DA:309,0
DA:310,0
DA:311,0
DA:312,0
DA:313,0
DA:325,0
DA:333,0
DA:335,0
DA:336,0
DA:338,0
DA:340,0
DA:342,0
DA:344,0
DA:346,0
DA:347,0
DA:349,0
DA:352,0
DA:353,0
DA:354,0
DA:355,0
DA:359,0
DA:360,0
DA:361,0
DA:364,0
DA:366,0
DA:367,0
DA:370,0
DA:371,0
DA:372,0
DA:375,0
DA:376,0
DA:377,0
DA:378,0
DA:379,0
DA:380,0
DA:381,0
DA:382,0
DA:383,0
DA:387,0
DA:388,0
DA:389,0
DA:390,0
DA:391,0
DA:392,0
DA:396,0
DA:397,0
DA:398,0
DA:399,0
DA:402,0
DA:403,0
DA:404,0
DA:405,0
DA:406,0
DA:407,0
DA:408,0
DA:411,0
DA:412,0
DA:414,0
DA:415,0
DA:416,0
DA:417,0
DA:418,0
DA:419,0
DA:420,0
DA:424,0
DA:425,0
DA:426,0
DA:430,0
DA:431,0
DA:432,0
DA:433,0
DA:434,0
DA:435,0
DA:436,0
DA:437,0
DA:439,0
DA:443,0
DA:449,0
DA:450,0
DA:451,0
DA:453,0
DA:456,0
DA:458,0
DA:461,0
DA:463,0
DA:464,0
DA:467,0
DA:469,0
DA:470,0
DA:473,0
DA:476,0
DA:485,0
DA:486,0
DA:487,0
DA:488,0
DA:489,0
DA:490,0
DA:491,0
DA:493,0
DA:494,0
DA:499,0
DA:501,0
DA:504,0
DA:507,0
DA:508,0
DA:513,0
DA:517,0
DA:521,0
DA:524,0
DA:526,0
DA:533,0
DA:542,0
DA:545,0
DA:546,0
DA:550,0
DA:557,0
DA:558,0
DA:559,0
DA:561,0
DA:563,0
DA:565,0
DA:566,0
DA:568,0
DA:569,0
DA:570,0
DA:572,0
DA:574,0
DA:575,0
DA:576,0
DA:577,0
DA:578,0
DA:579,0
DA:581,0
DA:585,0
DA:587,0
DA:590,0
DA:593,0
DA:594,0
DA:603,0
DA:605,0
DA:612,0
DA:615,0
DA:616,0
DA:619,0
DA:623,0
DA:632,0
DA:636,0
DA:639,0
DA:644,0
DA:645,0
DA:651,0
DA:652,0
DA:657,0
DA:658,0
DA:663,0
DA:664,0
DA:669,0
DA:670,0
DA:671,0
DA:673,0
DA:678,0
DA:681,0
DA:685,0
DA:686,0
DA:691,0
DA:692,0
DA:697,0
DA:710,0
DA:718,0
DA:719,0
DA:721,0
DA:722,0
DA:724,0
DA:725,0
DA:726,0
DA:728,0
DA:729,0
DA:730,0
DA:731,0
DA:732,0
DA:737,0
DA:738,0
DA:739,0
DA:743,0
DA:748,0
DA:751,0
DA:752,0
DA:753,0
DA:754,0
DA:756,0
DA:764,0
DA:766,0
DA:767,0
DA:770,0
DA:773,0
DA:775,0
DA:778,0
DA:787,0
DA:789,0
DA:790,0
DA:794,0
DA:795,0
DA:796,0
DA:800,0
DA:801,0
DA:802,0
DA:807,0
DA:811,0
DA:812,0
DA:817,0
DA:822,0
DA:823,0
DA:828,0
DA:829,0
DA:830,0
DA:835,0
DA:836,0
DA:837,0
DA:840,0
DA:841,0
DA:842,0
DA:845,0
DA:846,0
DA:847,0
DA:852,0
DA:853,0
DA:854,0
DA:859,0
DA:860,0
DA:861,0
DA:866,0
DA:887,0
DA:888,0
DA:889,0
DA:890,0
DA:891,0
DA:892,0
DA:895,0
DA:896,0
DA:897,0
DA:898,0
DA:899,0
DA:905,0
DA:907,0
DA:910,0
DA:914,0
DA:915,0
DA:920,0
DA:924,0
DA:925,0
DA:926,0
DA:931,0
DA:932,0
DA:935,0
DA:936,0
DA:937,0
DA:942,0
DA:943,0
DA:944,0
DA:949,0
DA:950,0
DA:953,0
DA:954,0
DA:955,0
DA:960,0
DA:961,0
DA:962,0
DA:967,0
DA:971,0
DA:972,0
DA:977,0
DA:978,0
DA:982,0
DA:984,0
DA:985,0
DA:992,0
DA:993,0
DA:1000,0
DA:1003,0
DA:1004,0
DA:1005,0
DA:1006,0
DA:1007,0
DA:1008,0
DA:1009,0
DA:1010,0
DA:1013,0
DA:1018,0
DA:1026,0
DA:1027,0
DA:1028,0
DA:1029,0
DA:1030,0
DA:1031,0
DA:1032,0
DA:1033,0
DA:1036,0
DA:1037,0
DA:1038,0
DA:1039,0
DA:1044,0
DA:1051,0
DA:1052,0
DA:1053,0
DA:1055,0
DA:1056,0
DA:1057,0
DA:1058,0
DA:1060,0
DA:1063,0
DA:1069,0
DA:1070,0
DA:1071,0
DA:1072,0
DA:1074,0
DA:1075,0
DA:1076,0
DA:1077,0
DA:1079,0
DA:1091,0
DA:1096,0
DA:1097,0
DA:1098,0
DA:1099,0
DA:1102,0
DA:1105,0
DA:1106,0
DA:1114,0
DA:1117,0
DA:1119,0
DA:1121,0
DA:1128,0
DA:1129,0
DA:1130,0
DA:1132,0
DA:1138,0
DA:1139,0
DA:1140,0
DA:1143,0
DA:1144,0
DA:1147,0
DA:1154,0
DA:1155,0
DA:1157,0
DA:1160,0
DA:1161,0
DA:1162,0
DA:1167,0
DA:1168,0
DA:1170,0
DA:1171,0
end_of_record

SF:/mnt/c/Users/Lourens/Documents/Recon-Fuzz/collabs/ebtc/packages/contracts/contracts/CdpManager.sol
DA:18,0
DA:32,0
DA:44,0
DA:45,0
DA:46,0
DA:47,0
DA:48,0
DA:49,0
DA:50,0
DA:51,0
DA:52,0
DA:54,0
DA:55,0
DA:57,0
DA:59,0
DA:60,0
DA:61,0
DA:86,0
DA:87,0
DA:96,0
DA:102,0
DA:103,0
DA:114,0
DA:123,0
DA:125,0
DA:128,0
DA:129,0
DA:130,0
DA:133,0
DA:134,0
DA:138,0
DA:139,0
DA:140,0
DA:144,0
DA:145,0
DA:147,0
DA:150,0
DA:151,0
DA:152,0
DA:153,0
DA:156,0
DA:157,0
DA:158,0
DA:160,0
DA:161,0
DA:168,0
DA:169,0
DA:171,0
DA:172,0
DA:173,0
DA:177,0
DA:180,0
DA:182,0
DA:190,0
DA:191,0
DA:192,0
DA:193,0
DA:195,0
DA:197,0
DA:198,0
DA:199,0
DA:200,0
DA:201,0
DA:202,0
DA:205,0
DA:206,0
DA:209,0
DA:213,0
DA:215,0
DA:216,0
DA:217,0
DA:219,0
DA:220,0
DA:221,0
DA:222,0
DA:223,0
DA:224,0
DA:225,0
DA:226,0
DA:227,0
DA:228,0
DA:232,0
DA:243,0
DA:250,0
DA:253,0
DA:256,0
DA:264,0
DA:265,0
DA:276,0
DA:279,0
DA:280,0
DA:281,0
DA:282,0
DA:283,0
DA:285,0
DA:288,0
DA:289,0
DA:324,0
DA:333,0
DA:336,0
DA:338,0
DA:340,0
DA:342,0
DA:343,0
DA:344,0
DA:345,0
DA:348,0
DA:349,0
DA:350,0
DA:351,0
DA:353,0
DA:354,0
DA:356,0
DA:357,0
DA:358,0
DA:361,0
DA:364,0
DA:368,0
DA:369,0
DA:371,0
DA:372,0
DA:373,0
DA:374,0
DA:377,0
DA:379,0
DA:381,0
DA:382,0
DA:384,0
DA:385,0
DA:387,0
DA:388,0
DA:389,0
DA:395,0
DA:396,0
DA:399,0
DA:407,0
DA:408,0
DA:411,0
DA:412,0
DA:414,0
DA:415,0
DA:416,0
DA:417,0
DA:418,0
DA:419,0
DA:420,0
DA:422,0
DA:423,0
DA:427,0
DA:430,0
DA:431,0
DA:434,0
DA:435,0
DA:436,0
DA:437,0
DA:438,0
DA:439,0
DA:440,0
DA:441,0
DA:443,0
DA:444,0
DA:445,0
DA:446,0
DA:447,0
DA:450,0
DA:451,0
DA:453,0
DA:455,0
DA:458,0
DA:459,0
DA:460,0
DA:461,0
DA:462,0
DA:463,0
DA:464,0
DA:466,0
DA:470,0
DA:471,0
DA:481,0
DA:482,0
DA:483,0
DA:484,0
DA:488,0
DA:490,0
DA:492,0
DA:494,0
DA:495,0
DA:496,0
DA:497,0
DA:500,0
DA:501,0
DA:502,0
DA:503,0
DA:504,0
DA:505,0
DA:509,0
DA:512,0
DA:515,0
DA:518,0
DA:521,0
DA:522,0
DA:523,0
DA:531,0
DA:535,0
DA:536,0
DA:537,0
DA:538,0
DA:539,0
DA:540,0
DA:541,0
DA:542,0
DA:544,0
DA:545,0
DA:546,0
DA:556,0
DA:558,0
DA:559,0
DA:565,0
DA:566,0
DA:567,0
DA:580,0
DA:586,0
DA:587,0
DA:588,0
DA:596,0
DA:597,0
DA:606,0
DA:607,0
DA:615,0
DA:616,0
DA:621,0
DA:625,0
DA:626,0
DA:638,0
DA:642,0
DA:643,0
DA:647,0
DA:648,0
DA:650,0
DA:651,0
DA:652,0
DA:655,0
DA:656,0
DA:658,0
DA:664,0
DA:665,0
DA:669,0
DA:670,0
DA:673,0
DA:675,0
DA:676,0
DA:681,0
DA:682,0
DA:687,0
DA:689,0
DA:690,0
DA:693,0
DA:696,0
DA:697,0
DA:698,0
DA:702,0
DA:703,0
DA:704,0
DA:706,0
DA:707,0
DA:709,0
DA:715,0
DA:716,0
DA:717,0
DA:718,0
DA:720,0
DA:723,0
DA:724,0
DA:728,0
DA:729,0
DA:730,0
DA:732,0
DA:735,0
DA:737,0
DA:738,0
DA:739,0
DA:743,0
DA:744,0
DA:753,0
DA:757,0
DA:758,0
DA:763,0
DA:768,0
DA:769,0
DA:770,0
DA:773,0
DA:774,0
DA:779,0
DA:780,0
DA:783,0
DA:784,0
DA:787,0
DA:788,0
DA:789,0
DA:799,0
DA:800,0
DA:801,0
DA:805,0
DA:807,0
DA:808,0
DA:814,0
DA:815,0
DA:816,0
DA:819,0
DA:820,0
DA:824,0
DA:826,0
DA:827,0
DA:833,0
DA:834,0
DA:835,0
DA:838,0
DA:839,0
DA:843,0
DA:846,0
DA:849,0
DA:850,0
DA:856,0
DA:857,0
DA:859,0
DA:861,0
DA:862,0
DA:869,0
DA:870,0
DA:871,0
DA:873,0
DA:874,0
DA:882,0
DA:883,0
DA:889,0
DA:890,0
DA:897,0
DA:898,0
DA:905,0
DA:906,0
DA:917,0
DA:918,0
DA:931,0
DA:937,0
DA:938,0
DA:940,0
DA:941,0
DA:942,0
DA:943,0
DA:945,0
DA:946,0
DA:947,0
DA:950,0
DA:951,0
DA:952,0
DA:953,0
DA:954,0
DA:955,0
DA:956,0
DA:957,0
DA:958,0
DA:959,0
DA:971,0
DA:978,0
DA:979,0
DA:984,0
DA:986,0
DA:987,0
DA:988,0
DA:989,0
DA:990,0
DA:991,0
DA:992,0
DA:993,0
DA:994,0
DA:995,0
DA:1003,0
DA:1010,0
end_of_record

SF:/mnt/c/Users/Lourens/Documents/Recon-Fuzz/collabs/ebtc/packages/contracts/contracts/CdpManagerStorage.sol
DA:19,0
DA:21,0
DA:22,0
DA:24,0
DA:25,0
DA:32,0
DA:33,0
DA:34,0
DA:42,0
DA:43,0
DA:44,0
DA:49,0
DA:50,0
DA:52,0
DA:53,0
DA:55,0
DA:63,0
DA:64,0
DA:66,0
DA:67,0
DA:69,0
DA:73,0
DA:74,0
DA:75,0
DA:76,0
DA:78,0
DA:79,0
DA:81,0
DA:87,0
DA:91,0
DA:93,0
DA:94,0
DA:95,0
DA:96,0
DA:99,0
DA:101,0
DA:104,0
DA:111,0
DA:112,0
DA:113,0
DA:117,0
DA:118,0
DA:119,0
DA:122,0
DA:126,0
DA:130,0
DA:132,0
DA:135,0
DA:139,0
DA:141,0
DA:142,0
DA:143,0
DA:148,0
DA:149,0
DA:150,0
DA:159,0
DA:161,0
DA:163,0
DA:166,0
DA:168,0
DA:170,0
DA:173,0
DA:176,0
DA:187,0
DA:190,0
DA:193,0
DA:196,0
DA:198,0
DA:200,0
DA:202,0
DA:214,0
DA:225,0
DA:226,0
DA:228,0
DA:230,0
DA:231,0
DA:232,0
DA:233,0
DA:239,0
DA:240,0
DA:241,0
DA:245,0
DA:249,0
DA:252,0
DA:253,0
DA:254,0
DA:257,0
DA:258,0
DA:259,0
DA:263,0
DA:264,0
DA:266,0
DA:268,0
DA:269,0
DA:270,0
DA:271,0
DA:273,0
DA:274,0
DA:288,0
DA:289,0
DA:290,0
DA:292,0
DA:293,0
DA:295,0
DA:299,0
DA:301,0
DA:302,0
DA:304,0
DA:305,0
DA:308,0
DA:310,0
DA:311,0
DA:313,0
DA:322,0
DA:323,0
DA:324,0
DA:327,0
DA:331,0
DA:332,0
DA:334,0
DA:335,0
DA:339,0
DA:343,0
DA:345,0
DA:346,0
DA:348,0
DA:354,0
DA:357,0
DA:358,0
DA:360,0
DA:361,0
DA:364,0
DA:365,0
DA:366,0
DA:367,0
DA:368,0
DA:369,0
DA:370,0
DA:375,0
DA:376,0
DA:378,0
DA:381,0
DA:385,0
DA:386,0
DA:387,0
DA:388,0
DA:389,0
DA:390,0
DA:391,0
DA:392,0
DA:393,0
DA:394,0
DA:399,0
DA:400,0
DA:405,0
DA:406,0
DA:407,0
DA:408,0
DA:409,0
DA:414,0
DA:415,0
DA:417,0
DA:418,0
DA:420,0
DA:422,0
DA:426,0
DA:427,0
DA:428,0
DA:429,0
DA:430,0
DA:436,0
DA:437,0
DA:438,0
DA:439,0
DA:448,0
DA:449,0
DA:472,0
DA:473,0
DA:474,0
DA:477,0
DA:478,0
DA:479,0
DA:480,0
DA:481,0
DA:482,0
DA:483,0
DA:484,0
DA:485,0
DA:486,0
DA:487,0
DA:495,0
DA:496,0
DA:497,0
DA:502,0
DA:503,0
DA:507,0
DA:508,0
DA:509,0
DA:510,0
DA:520,0
DA:523,0
DA:524,0
DA:525,0
DA:526,0
DA:529,0
DA:530,0
DA:532,0
DA:533,0
DA:534,0
DA:535,0
DA:536,0
DA:537,0
DA:542,0
DA:546,0
DA:547,0
DA:549,0
DA:550,0
DA:552,0
DA:553,0
DA:555,0
DA:560,0
DA:568,0
DA:570,0
DA:584,0
DA:587,0
DA:588,0
DA:589,0
DA:591,0
DA:592,0
DA:593,0
DA:594,0
DA:596,0
DA:599,0
DA:600,0
DA:602,0
DA:604,0
DA:605,0
DA:606,0
DA:607,0
DA:611,0
DA:616,0
DA:617,0
DA:620,0
DA:621,0
DA:622,0
DA:627,0
DA:628,0
DA:629,0
DA:641,0
DA:642,0
DA:644,0
DA:652,0
DA:653,0
DA:654,0
DA:655,0
DA:656,0
DA:657,0
DA:658,0
DA:661,0
DA:669,0
DA:670,0
DA:671,0
DA:675,0
DA:679,0
DA:680,0
DA:681,0
DA:687,0
DA:689,0
DA:690,0
DA:696,0
DA:697,0
DA:701,0
DA:704,0
DA:705,0
DA:713,0
DA:715,0
DA:716,0
DA:717,0
DA:718,0
DA:719,0
DA:729,0
DA:732,0
DA:733,0
DA:735,0
DA:736,0
DA:737,0
DA:738,0
DA:739,0
DA:742,0
DA:743,0
DA:745,0
DA:755,0
DA:759,0
DA:761,0
DA:764,0
DA:765,0
DA:766,0
DA:767,0
DA:768,0
DA:774,0
DA:775,0
DA:776,0
DA:777,0
DA:778,0
DA:781,0
DA:783,0
DA:790,0
DA:792,0
DA:793,0
DA:794,0
DA:796,0
DA:797,0
DA:798,0
DA:800,0
DA:807,0
DA:808,0
DA:816,0
DA:817,0
DA:818,0
DA:819,0
DA:820,0
DA:821,0
DA:832,0
DA:833,0
DA:834,0
DA:835,0
DA:839,0
DA:840,0
DA:841,0
DA:843,0
DA:844,0
DA:845,0
DA:847,0
DA:854,0
DA:855,0
DA:856,0
DA:857,0
DA:862,0
DA:863,0
DA:870,0
DA:871,0
DA:875,0
DA:877,0
DA:878,0
DA:879,0
DA:880,0
end_of_record

SF:/mnt/c/Users/Lourens/Documents/Recon-Fuzz/collabs/ebtc/packages/contracts/contracts/CollSurplusPool.sol
DA:16,0
DA:19,0
DA:21,0
DA:22,0
DA:23,0
DA:24,0
DA:25,0
DA:42,0
DA:47,0
DA:48,0
DA:49,0
DA:50,0
DA:51,0
DA:52,0
DA:54,0
DA:55,0
DA:56,0
DA:61,0
DA:62,0
DA:67,0
DA:68,0
DA:80,0
DA:85,0
DA:86,0
DA:88,0
DA:89,0
DA:90,0
DA:91,0
DA:93,0
DA:94,0
DA:105,0
DA:106,0
DA:107,0
DA:108,0
DA:110,0
DA:112,0
DA:114,0
DA:117,0
DA:119,0
DA:122,0
DA:127,0
DA:128,0
DA:129,0
DA:134,0
DA:135,0
DA:138,0
DA:139,0
DA:145,0
DA:146,0
DA:147,0
DA:157,0
DA:158,0
DA:160,0
DA:161,0
DA:163,0
DA:165,0
end_of_record

SF:/mnt/c/Users/Lourens/Documents/Recon-Fuzz/collabs/ebtc/packages/contracts/contracts/Dependencies/Address.sol
DA:9,0
DA:45,0
DA:54,0
DA:58,0
DA:59,0
DA:68,0
DA:73,0
DA:74,0
DA:75,0
DA:76,0
DA:85,0
DA:90,0
DA:91,0
DA:92,0
DA:95,0
DA:97,0
DA:99,0
DA:105,0
DA:109,0
DA:110,0
DA:113,0
end_of_record

SF:/mnt/c/Users/Lourens/Documents/Recon-Fuzz/collabs/ebtc/packages/contracts/contracts/Dependencies/AggregatorV3Interface.sol
end_of_record

SF:/mnt/c/Users/Lourens/Documents/Recon-Fuzz/collabs/ebtc/packages/contracts/contracts/Dependencies/Auth.sol
DA:14,0
DA:16,0
DA:18,0
DA:19,0
DA:20,0
DA:22,0
DA:23,0
DA:27,0
DA:32,0
DA:33,0
DA:37,0
DA:38,0
DA:39,0
DA:42,0
DA:45,0
DA:47,0
DA:49,0
DA:52,0
DA:53,0
DA:55,0
end_of_record

SF:/mnt/c/Users/Lourens/Documents/Recon-Fuzz/collabs/ebtc/packages/contracts/contracts/Dependencies/AuthNoOwner.sol
DA:10,0
DA:17,0
DA:22,0
DA:23,0
DA:26,0
DA:27,0
DA:30,0
DA:31,0
DA:35,0
DA:40,0
DA:41,0
DA:42,0
DA:44,0
DA:45,0
DA:47,0
end_of_record

SF:/mnt/c/Users/Lourens/Documents/Recon-Fuzz/collabs/ebtc/packages/contracts/contracts/Dependencies/Authority.sol
end_of_record

SF:/mnt/c/Users/Lourens/Documents/Recon-Fuzz/collabs/ebtc/packages/contracts/contracts/Dependencies/BaseMath.sol
DA:4,0
DA:5,0
end_of_record

SF:/mnt/c/Users/Lourens/Documents/Recon-Fuzz/collabs/ebtc/packages/contracts/contracts/Dependencies/Context.sol
DA:18,0
end_of_record

SF:/mnt/c/Users/Lourens/Documents/Recon-Fuzz/collabs/ebtc/packages/contracts/contracts/Dependencies/Create3.sol
DA:8,0
DA:41,0
DA:50,0
DA:60,0
DA:61,0
DA:71,0
DA:75,0
DA:77,0
DA:80,0
DA:81,0
DA:84,0
DA:86,0
DA:88,0
DA:91,0
DA:92,0
DA:102,0
DA:106,0
DA:107,0
DA:109,0
DA:118,0
end_of_record

SF:/mnt/c/Users/Lourens/Documents/Recon-Fuzz/collabs/ebtc/packages/contracts/contracts/Dependencies/ERC3156FlashLender.sol
DA:9,0
DA:10,0
DA:11,0
DA:14,0
DA:15,0
end_of_record

SF:/mnt/c/Users/Lourens/Documents/Recon-Fuzz/collabs/ebtc/packages/contracts/contracts/Dependencies/EbtcBase.sol
DA:16,0
DA:19,0
DA:22,1
DA:25,1
DA:28,0
DA:31,0
DA:33,0
DA:35,0
DA:37,0
DA:39,0
DA:41,0
DA:43,0
DA:45,0
DA:48,0
DA:54,0
DA:55,0
DA:56,0
DA:57,0
DA:62,0
DA:63,0
DA:69,4
DA:70,60
DA:77,2
DA:78,29
DA:81,0
DA:82,0
DA:85,4
DA:87,3
DA:88,7
DA:89,7
DA:91,60
DA:92,8
DA:94,4
DA:97,0
DA:98,0
DA:101,1
DA:102,1
DA:105,0
DA:110,0
DA:111,0
DA:117,0
DA:120,0
DA:121,0
DA:126,2
DA:131,6
DA:132,7
DA:136,1
DA:137,1
DA:145,1
end_of_record

SF:/mnt/c/Users/Lourens/Documents/Recon-Fuzz/collabs/ebtc/packages/contracts/contracts/Dependencies/EbtcMath.sol
DA:5,0
DA:6,0
DA:7,0
DA:18,0
DA:20,0
DA:21,0
DA:24,0
DA:25,0
DA:39,0
DA:40,0
DA:41,0
DA:51,0
DA:52,0
DA:54,0
DA:75,0
DA:76,0
DA:77,0
DA:80,0
DA:81,0
DA:85,0
DA:86,0
DA:89,0
DA:90,0
DA:91,0
DA:92,0
DA:95,0
DA:96,0
DA:97,0
DA:101,0
DA:104,0
DA:105,0
DA:108,0
DA:109,0
DA:110,0
DA:115,0
DA:120,1
DA:124,1
DA:125,4
DA:126,15
DA:128,3
DA:133,0
end_of_record

SF:/mnt/c/Users/Lourens/Documents/Recon-Fuzz/collabs/ebtc/packages/contracts/contracts/Dependencies/EnumerableSet.sol
DA:41,0
DA:65,0
DA:66,0
DA:67,0
DA:70,0
DA:71,0
DA:73,0
DA:83,0
DA:85,0
DA:87,0
DA:93,0
DA:94,0
DA:96,0
DA:97,0
DA:100,0
DA:102,0
DA:106,0
DA:109,0
DA:111,0
DA:113,0
DA:120,0
DA:121,0
DA:127,0
DA:128,0
DA:141,0
DA:142,0
DA:153,0
DA:154,0
DA:169,0
DA:170,0
DA:179,0
DA:180,0
DA:193,0
DA:194,0
DA:219,0
DA:220,0
DA:243,0
DA:244,0
DA:253,0
DA:254,0
DA:260,0
DA:261,0
DA:281,0
DA:282,0
end_of_record

SF:/mnt/c/Users/Lourens/Documents/Recon-Fuzz/collabs/ebtc/packages/contracts/contracts/Dependencies/ICollateralToken.sol
end_of_record

SF:/mnt/c/Users/Lourens/Documents/Recon-Fuzz/collabs/ebtc/packages/contracts/contracts/Dependencies/ICollateralTokenOracle.sol
end_of_record

SF:/mnt/c/Users/Lourens/Documents/Recon-Fuzz/collabs/ebtc/packages/contracts/contracts/Dependencies/IERC20.sol
end_of_record

SF:/mnt/c/Users/Lourens/Documents/Recon-Fuzz/collabs/ebtc/packages/contracts/contracts/Dependencies/IERC2612.sol
end_of_record

SF:/mnt/c/Users/Lourens/Documents/Recon-Fuzz/collabs/ebtc/packages/contracts/contracts/Dependencies/IRolesAuthority.sol
end_of_record

SF:/mnt/c/Users/Lourens/Documents/Recon-Fuzz/collabs/ebtc/packages/contracts/contracts/Dependencies/Ownable.sol
DA:29,0
DA:36,0
DA:43,0
DA:44,0
DA:50,0
DA:51,0
DA:61,0
DA:62,0
DA:69,0
DA:70,0
DA:71,0
DA:78,0
DA:79,0
DA:80,0
DA:81,0
end_of_record

SF:/mnt/c/Users/Lourens/Documents/Recon-Fuzz/collabs/ebtc/packages/contracts/contracts/Dependencies/PermitNonce.sol
DA:9,0
DA:14,0
DA:15,0
DA:19,0
DA:20,0
end_of_record

SF:/mnt/c/Users/Lourens/Documents/Recon-Fuzz/collabs/ebtc/packages/contracts/contracts/Dependencies/Proxy.sol
DA:17,0
DA:23,0
DA:28,0
DA:32,0
DA:35,0
DA:37,0
DA:39,0
DA:40,0
DA:43,0
end_of_record

SF:/mnt/c/Users/Lourens/Documents/Recon-Fuzz/collabs/ebtc/packages/contracts/contracts/Dependencies/ReentrancyGuard.sol
DA:8,0
DA:9,0
DA:11,0
DA:14,0
DA:16,0
DA:20,0
end_of_record

SF:/mnt/c/Users/Lourens/Documents/Recon-Fuzz/collabs/ebtc/packages/contracts/contracts/Dependencies/RolesAuthority.sol
DA:12,0
DA:20,0
DA:32,8
DA:34,0
DA:36,0
DA:38,0
DA:39,0
DA:42,11
DA:46,0
DA:47,0
DA:50,0
DA:51,0
DA:63,11
DA:67,1
DA:68,26
DA:70,13
DA:71,0
DA:72,13
DA:73,0
DA:75,43
DA:85,0
DA:90,0
DA:91,0
DA:95,0
DA:96,0
DA:98,0
DA:101,0
DA:106,0
DA:112,0
DA:113,0
DA:114,0
DA:116,0
DA:117,0
DA:120,0
DA:123,0
DA:124,0
DA:128,0
DA:129,0
DA:133,0
DA:137,0
DA:138,0
DA:139,0
DA:142,0
DA:144,0
DA:151,0
DA:152,0
DA:153,0
DA:155,0
DA:156,0
DA:159,0
DA:162,0
DA:163,0
DA:167,0
end_of_record

SF:/mnt/c/Users/Lourens/Documents/Recon-Fuzz/collabs/ebtc/packages/contracts/contracts/Dependencies/SafeERC20.sol
DA:18,0
DA:25,0
DA:26,0
DA:47,0
DA:52,0
DA:53,0
DA:56,0
DA:57,0
end_of_record

SF:/mnt/c/Users/Lourens/Documents/Recon-Fuzz/collabs/ebtc/packages/contracts/contracts/Dependencies/SafeMath.sol
DA:21,0
end_of_record

SF:/mnt/c/Users/Lourens/Documents/Recon-Fuzz/collabs/ebtc/packages/contracts/contracts/Dependencies/TwapWeightedObserver.sol
DA:8,0
DA:9,0
DA:10,0
DA:11,0
DA:13,0
DA:14,0
DA:17,0
DA:22,0
DA:23,0
DA:32,0
DA:33,0
DA:35,0
DA:36,0
DA:37,0
DA:41,0
DA:42,0
DA:43,0
DA:50,0
DA:51,0
DA:56,0
DA:57,0
DA:63,0
DA:64,0
DA:72,0
DA:78,0
DA:81,0
DA:83,0
DA:84,0
DA:91,0
DA:93,0
DA:94,0
DA:96,0
DA:99,0
DA:100,0
DA:101,0
DA:103,0
DA:109,0
DA:110,0
DA:111,0
DA:112,0
DA:113,0
DA:117,0
DA:118,0
DA:119,0
DA:120,0
DA:124,0
DA:125,0
DA:129,0
DA:130,0
DA:131,0
DA:132,0
DA:136,0
DA:137,0
DA:138,0
DA:139,0
DA:142,0
DA:143,0
end_of_record

SF:/mnt/c/Users/Lourens/Documents/Recon-Fuzz/collabs/ebtc/packages/contracts/contracts/EBTCDeployer.sol
DA:8,0
DA:9,0
DA:11,0
DA:12,0
DA:13,0
DA:14,0
DA:16,0
DA:17,0
DA:18,0
DA:20,0
DA:21,0
DA:23,0
DA:24,0
DA:25,0
DA:26,0
DA:66,0
DA:67,0
DA:68,0
DA:69,0
DA:70,0
DA:71,0
DA:72,0
DA:73,0
DA:74,0
DA:75,0
DA:76,0
DA:77,0
DA:78,0
DA:79,0
DA:80,0
DA:92,0
DA:95,0
DA:96,0
DA:97,0
DA:98,0
DA:101,0
DA:105,0
DA:106,0
DA:107,0
DA:110,0
DA:113,0
DA:114,0
DA:117,0
DA:118,0
DA:119,0
DA:122,0
DA:123,0
end_of_record

SF:/mnt/c/Users/Lourens/Documents/Recon-Fuzz/collabs/ebtc/packages/contracts/contracts/EBTCToken.sol
DA:26,0
DA:31,0
DA:37,0
DA:40,0
DA:55,0
DA:56,0
DA:61,0
DA:66,0
DA:68,0
DA:69,0
DA:71,0
DA:72,0
DA:74,0
DA:75,0
DA:76,0
DA:77,0
DA:85,0
DA:86,0
DA:87,0
DA:95,0
DA:96,0
DA:97,0
DA:104,0
DA:105,0
DA:106,0
DA:111,0
DA:112,0
DA:115,0
DA:116,0
DA:119,0
DA:120,0
DA:121,0
DA:125,0
DA:126,0
DA:129,0
DA:130,0
DA:131,0
DA:134,0
DA:138,0
DA:139,0
DA:140,0
DA:142,0
DA:143,0
DA:144,0
DA:146,0
DA:149,0
DA:152,0
DA:155,0
DA:156,0
DA:160,0
DA:163,0
DA:164,0
DA:165,0
DA:167,0
DA:169,0
DA:176,0
DA:177,0
DA:182,0
DA:183,0
DA:184,0
DA:186,0
DA:199,0
DA:207,0
DA:208,0
DA:209,0
DA:210,0
DA:212,0
DA:213,0
DA:214,0
DA:218,0
DA:219,0
DA:220,0
DA:225,0
DA:226,0
DA:232,0
DA:240,0
DA:246,0
DA:247,0
DA:248,0
DA:250,0
DA:251,0
DA:255,0
DA:258,0
DA:259,0
DA:262,0
DA:263,0
DA:265,0
DA:266,0
DA:267,0
DA:270,0
DA:271,0
DA:273,0
DA:274,0
DA:278,0
DA:281,0
DA:282,0
DA:285,0
DA:286,0
DA:287,0
DA:289,0
DA:290,0
DA:295,0
DA:296,0
DA:297,0
DA:300,0
DA:301,0
DA:314,0
DA:315,0
DA:316,0
DA:317,0
DA:318,0
DA:331,0
DA:332,0
DA:337,0
DA:338,0
DA:343,0
DA:349,0
DA:350,0
DA:355,0
end_of_record

SF:/mnt/c/Users/Lourens/Documents/Recon-Fuzz/collabs/ebtc/packages/contracts/contracts/EbtcFeed.sol
DA:18,35
DA:19,0
DA:22,11
DA:24,0
DA:25,0
DA:27,0
DA:29,2
DA:41,0
DA:42,0
DA:44,0
DA:45,0
DA:47,0
DA:49,0
DA:52,0
DA:53,0
DA:55,0
DA:56,0
DA:63,0
DA:64,0
DA:65,0
DA:67,0
DA:68,0
DA:73,0
DA:75,0
DA:76,0
DA:77,0
DA:80,0
DA:81,0
DA:102,14
DA:104,6
DA:105,4
DA:106,21
DA:109,5
DA:110,5
DA:111,1
DA:114,5
DA:115,3
DA:119,0
DA:120,0
DA:121,0
DA:124,0
DA:125,1
DA:126,1
DA:131,0
DA:136,3
DA:137,4
DA:138,11
DA:150,2
DA:152,4
DA:153,9
DA:157,15
DA:161,14
DA:163,23
DA:172,3
DA:178,2
DA:180,1
DA:181,1
DA:182,47
DA:188,3
DA:189,1
DA:190,1
DA:191,1
DA:192,3
DA:193,2
DA:194,1
DA:195,1
DA:198,3
DA:200,6
DA:202,3
DA:204,6
DA:207,4
end_of_record

SF:/mnt/c/Users/Lourens/Documents/Recon-Fuzz/collabs/ebtc/packages/contracts/contracts/FeeRecipient.sol
DA:12,0
DA:17,0
DA:22,0
DA:23,0
DA:24,0
DA:32,0
DA:33,0
DA:34,0
DA:36,0
DA:37,0
DA:39,0
end_of_record

SF:/mnt/c/Users/Lourens/Documents/Recon-Fuzz/collabs/ebtc/packages/contracts/contracts/FixedAdapter.sol
DA:6,44
DA:7,10
DA:8,0
DA:12,3
DA:13,1
DA:14,10
DA:16,0
DA:17,0
DA:23,24
DA:29,5
DA:36,13
DA:38,2
DA:39,15
DA:40,2
DA:43,11
DA:47,3
DA:55,1
DA:56,2
end_of_record

SF:/mnt/c/Users/Lourens/Documents/Recon-Fuzz/collabs/ebtc/packages/contracts/contracts/Governor.sol
DA:13,35
DA:17,0
DA:36,0
DA:43,0
DA:45,0
DA:46,0
DA:47,0
DA:48,0
DA:49,0
DA:50,0
DA:53,0
DA:54,0
DA:55,0
DA:56,0
DA:57,0
DA:58,0
DA:59,0
DA:60,0
DA:61,0
DA:62,0
DA:73,0
DA:75,0
DA:76,0
DA:77,0
DA:78,0
DA:80,0
DA:81,0
DA:86,0
DA:87,0
DA:88,0
DA:89,0
DA:90,0
DA:91,0
DA:92,0
DA:94,0
DA:95,0
DA:106,0
DA:107,0
DA:108,0
DA:109,0
DA:110,0
DA:111,0
DA:113,0
DA:114,0
DA:116,0
DA:119,0
DA:120,0
DA:121,0
DA:122,0
DA:123,0
DA:124,0
DA:125,0
DA:126,0
DA:128,0
DA:129,0
DA:131,0
DA:140,0
DA:141,0
DA:142,0
DA:143,0
DA:145,0
DA:151,0
DA:153,0
DA:154,0
DA:155,0
DA:156,0
DA:157,0
DA:158,0
DA:166,0
DA:167,0
DA:174,0
DA:175,0
DA:177,0
end_of_record

SF:/mnt/c/Users/Lourens/Documents/Recon-Fuzz/collabs/ebtc/packages/contracts/contracts/HintHelpers.sol
DA:11,0
DA:12,0
DA:14,0
DA:15,0
DA:27,0
DA:34,0
DA:35,0
DA:48,0
DA:61,0
DA:64,0
DA:65,0
DA:66,0
DA:68,0
DA:69,0
DA:70,0
DA:72,0
DA:73,0
DA:75,0
DA:78,0
DA:79,0
DA:84,0
DA:85,0
DA:86,0
DA:87,0
DA:90,0
DA:93,0
DA:94,0
DA:95,0
DA:98,0
DA:101,0
DA:102,0
DA:105,0
DA:107,0
DA:109,0
DA:111,0
DA:113,0
DA:116,0
DA:117,0
DA:121,0
DA:133,0
DA:137,0
DA:139,0
DA:141,0
DA:143,0
DA:144,0
DA:145,0
DA:148,0
DA:149,0
DA:151,0
DA:164,0
DA:168,0
DA:169,0
DA:171,0
DA:172,0
DA:175,0
DA:176,0
DA:177,0
DA:179,0
DA:180,0
DA:182,0
DA:183,0
DA:185,0
DA:186,0
DA:188,0
DA:191,0
DA:193,0
DA:194,0
DA:195,0
DA:197,0
DA:201,0
DA:202,0
DA:203,0
DA:205,0
DA:207,0
DA:211,0
DA:213,0
DA:215,0
DA:218,0
DA:221,0
DA:228,0
DA:229,0
DA:237,0
DA:241,0
DA:242,0
end_of_record

SF:/mnt/c/Users/Lourens/Documents/Recon-Fuzz/collabs/ebtc/packages/contracts/contracts/Interfaces/IActivePool.sol
end_of_record

SF:/mnt/c/Users/Lourens/Documents/Recon-Fuzz/collabs/ebtc/packages/contracts/contracts/Interfaces/IBaseTwapWeightedObserver.sol
end_of_record

SF:/mnt/c/Users/Lourens/Documents/Recon-Fuzz/collabs/ebtc/packages/contracts/contracts/Interfaces/IBorrowerOperations.sol
end_of_record

SF:/mnt/c/Users/Lourens/Documents/Recon-Fuzz/collabs/ebtc/packages/contracts/contracts/Interfaces/ICdpManager.sol
end_of_record

SF:/mnt/c/Users/Lourens/Documents/Recon-Fuzz/collabs/ebtc/packages/contracts/contracts/Interfaces/ICdpManagerData.sol
end_of_record

SF:/mnt/c/Users/Lourens/Documents/Recon-Fuzz/collabs/ebtc/packages/contracts/contracts/Interfaces/ICollSurplusPool.sol
end_of_record

SF:/mnt/c/Users/Lourens/Documents/Recon-Fuzz/collabs/ebtc/packages/contracts/contracts/Interfaces/IEBTCToken.sol
end_of_record

SF:/mnt/c/Users/Lourens/Documents/Recon-Fuzz/collabs/ebtc/packages/contracts/contracts/Interfaces/IERC3156FlashBorrower.sol
end_of_record

SF:/mnt/c/Users/Lourens/Documents/Recon-Fuzz/collabs/ebtc/packages/contracts/contracts/Interfaces/IERC3156FlashLender.sol
end_of_record

SF:/mnt/c/Users/Lourens/Documents/Recon-Fuzz/collabs/ebtc/packages/contracts/contracts/Interfaces/IEbtcBase.sol
end_of_record

SF:/mnt/c/Users/Lourens/Documents/Recon-Fuzz/collabs/ebtc/packages/contracts/contracts/Interfaces/IFallbackCaller.sol
end_of_record

SF:/mnt/c/Users/Lourens/Documents/Recon-Fuzz/collabs/ebtc/packages/contracts/contracts/Interfaces/IOracleCaller.sol
end_of_record

SF:/mnt/c/Users/Lourens/Documents/Recon-Fuzz/collabs/ebtc/packages/contracts/contracts/Interfaces/IPermitNonce.sol
end_of_record

SF:/mnt/c/Users/Lourens/Documents/Recon-Fuzz/collabs/ebtc/packages/contracts/contracts/Interfaces/IPool.sol
end_of_record

SF:/mnt/c/Users/Lourens/Documents/Recon-Fuzz/collabs/ebtc/packages/contracts/contracts/Interfaces/IPositionManagers.sol
end_of_record

SF:/mnt/c/Users/Lourens/Documents/Recon-Fuzz/collabs/ebtc/packages/contracts/contracts/Interfaces/IPriceFeed.sol
end_of_record

SF:/mnt/c/Users/Lourens/Documents/Recon-Fuzz/collabs/ebtc/packages/contracts/contracts/Interfaces/IRecoveryModeGracePeriod.sol
end_of_record

SF:/mnt/c/Users/Lourens/Documents/Recon-Fuzz/collabs/ebtc/packages/contracts/contracts/Interfaces/ISortedCdps.sol
end_of_record

SF:/mnt/c/Users/Lourens/Documents/Recon-Fuzz/collabs/ebtc/packages/contracts/contracts/Interfaces/ITwapWeightedObserver.sol
end_of_record

SF:/mnt/c/Users/Lourens/Documents/Recon-Fuzz/collabs/ebtc/packages/contracts/contracts/Interfaces/IWETH.sol
end_of_record

SF:/mnt/c/Users/Lourens/Documents/Recon-Fuzz/collabs/ebtc/packages/contracts/contracts/LiquidationLibrary.sol
DA:13,0
DA:14,0
DA:24,0
DA:26,0
DA:27,0
DA:28,0
DA:29,0
DA:30,0
DA:31,0
DA:32,0
DA:40,0
DA:41,0
DA:50,0
DA:56,0
DA:57,0
DA:61,0
DA:66,0
DA:67,0
DA:69,0
DA:71,0
DA:74,0
DA:75,0
DA:76,0
DA:80,0
DA:82,0
DA:83,0
DA:88,0
DA:89,0
DA:90,0
DA:93,0
DA:94,0
DA:95,0
DA:100,0
DA:101,0
DA:102,0
DA:103,0
DA:104,0
DA:105,0
DA:106,0
DA:107,0
DA:108,0
DA:109,0
DA:110,0
DA:111,0
DA:112,0
DA:113,0
DA:114,0
DA:117,0
DA:118,0
DA:119,0
DA:120,0
DA:121,0
DA:122,0
DA:123,0
DA:124,0
DA:125,0
DA:126,0
DA:127,0
DA:130,0
DA:135,0
DA:139,0
DA:141,0
DA:142,0
DA:144,0
DA:145,0
DA:146,0
DA:147,0
DA:148,0
DA:149,0
DA:150,0
DA:151,0
DA:153,0
DA:154,0
DA:155,0
DA:156,0
DA:157,0
DA:158,0
DA:159,0
DA:162,0
DA:163,0
DA:164,0
DA:165,0
DA:166,0
DA:167,0
DA:168,0
DA:172,0
DA:173,0
DA:174,0
DA:175,0
DA:176,0
DA:177,0
DA:178,0
DA:179,0
DA:180,0
DA:186,0
DA:189,0
DA:190,0
DA:191,0
DA:192,0
DA:195,0
DA:196,0
DA:197,0
DA:198,0
DA:202,0
DA:203,0
DA:204,0
DA:205,0
DA:206,0
DA:207,0
DA:210,0
DA:211,0
DA:213,0
DA:214,0
DA:215,0
DA:216,0
DA:217,0
DA:218,0
DA:223,0
DA:225,0
DA:227,0
DA:228,0
DA:229,0
DA:230,0
DA:231,0
DA:232,0
DA:233,0
DA:234,0
DA:235,0
DA:238,0
DA:239,0
DA:240,0
DA:241,0
DA:242,0
DA:243,0
DA:244,0
DA:245,0
DA:246,0
DA:247,0
DA:251,0
DA:255,0
DA:256,0
DA:257,0
DA:258,0
DA:259,0
DA:261,0
DA:263,0
DA:264,0
DA:266,0
DA:267,0
DA:270,0
DA:271,0
DA:272,0
DA:273,0
DA:274,0
DA:275,0
DA:278,0
DA:279,0
DA:281,0
DA:282,0
DA:284,0
DA:286,0
DA:287,0
DA:288,0
DA:289,0
DA:295,0
DA:297,0
DA:299,0
DA:300,0
DA:301,0
DA:302,0
DA:303,0
DA:306,0
DA:307,0
DA:308,0
DA:309,0
DA:312,0
DA:313,0
DA:314,0
DA:315,0
DA:316,0
DA:317,0
DA:318,0
DA:319,0
DA:320,0
DA:321,0
DA:326,0
DA:330,0
DA:331,0
DA:332,0
DA:333,0
DA:334,0
DA:336,0
DA:337,0
DA:338,0
DA:339,0
DA:341,0
DA:342,0
DA:345,0
DA:347,0
DA:348,0
DA:349,0
DA:352,0
DA:353,0
DA:356,0
DA:357,0
DA:358,0
DA:359,0
DA:360,0
DA:361,0
DA:362,0
DA:363,0
DA:364,0
DA:365,0
DA:368,0
DA:369,0
DA:370,0
DA:371,0
DA:372,0
DA:373,0
DA:375,0
DA:376,0
DA:377,0
DA:378,0
DA:379,0
DA:380,0
DA:382,0
DA:383,0
DA:384,0
DA:385,0
DA:388,0
DA:394,0
DA:396,0
DA:399,0
DA:400,0
DA:402,0
DA:407,0
DA:409,0
DA:410,0
DA:411,0
DA:414,0
DA:415,0
DA:416,0
DA:419,0
DA:420,0
DA:421,0
DA:422,0
DA:423,0
DA:427,0
DA:428,0
DA:432,0
DA:435,0
DA:439,0
DA:440,0
DA:441,0
DA:442,0
DA:443,0
DA:445,0
DA:446,0
DA:447,0
DA:448,0
DA:449,0
DA:450,0
DA:451,0
DA:452,0
DA:453,0
DA:454,0
DA:457,0
DA:460,0
DA:465,0
DA:467,0
DA:468,0
DA:470,0
DA:472,0
DA:474,0
DA:475,0
DA:476,0
DA:480,0
DA:485,0
DA:486,0
DA:490,0
DA:491,0
DA:492,0
DA:498,0
DA:501,0
DA:502,0
DA:504,0
DA:505,0
DA:506,0
DA:507,0
DA:508,0
DA:509,0
DA:510,0
DA:511,0
DA:512,0
DA:513,0
DA:517,0
DA:528,0
DA:530,0
DA:532,0
DA:533,0
DA:534,0
DA:535,0
DA:539,0
DA:540,0
DA:544,0
DA:547,0
DA:550,0
DA:551,0
DA:558,0
DA:563,0
DA:564,0
DA:567,0
DA:569,0
DA:572,0
DA:575,0
DA:578,0
DA:581,0
DA:584,0
DA:589,0
DA:590,0
DA:592,0
DA:593,0
DA:596,0
DA:597,0
DA:599,0
DA:606,0
DA:608,0
DA:609,0
DA:610,0
DA:613,0
DA:616,0
DA:617,0
DA:622,0
DA:628,0
DA:629,0
DA:630,0
DA:631,0
DA:632,0
DA:633,0
DA:634,0
DA:635,0
DA:636,0
DA:637,0
DA:638,0
DA:639,0
DA:640,0
DA:641,0
DA:644,0
DA:645,0
DA:648,0
DA:649,0
DA:650,0
DA:651,0
DA:652,0
DA:653,0
DA:656,0
DA:663,0
DA:664,0
DA:665,0
DA:666,0
DA:667,0
DA:668,0
DA:669,0
DA:670,0
DA:671,0
DA:672,0
DA:673,0
DA:676,0
DA:677,0
DA:679,0
DA:680,0
DA:681,0
DA:682,0
DA:683,0
DA:684,0
DA:693,0
DA:694,0
DA:695,0
DA:699,0
DA:700,0
DA:703,0
DA:705,0
DA:706,0
DA:709,0
DA:712,0
DA:713,0
DA:714,0
DA:715,0
DA:716,0
DA:717,0
DA:721,0
DA:724,0
DA:727,0
DA:728,0
DA:731,0
DA:732,0
DA:733,0
DA:734,0
DA:735,0
DA:736,0
DA:737,0
DA:738,0
DA:739,0
DA:747,0
DA:752,0
DA:753,0
DA:754,0
DA:756,0
DA:757,0
DA:758,0
DA:759,0
DA:762,0
DA:764,0
DA:765,0
DA:766,0
DA:767,0
DA:768,0
DA:770,0
DA:771,0
DA:773,0
DA:774,0
DA:775,0
DA:777,0
DA:778,0
DA:779,0
DA:780,0
DA:781,0
DA:782,0
DA:783,0
DA:784,0
DA:788,0
DA:789,0
DA:790,0
DA:791,0
DA:792,0
DA:795,0
DA:797,0
DA:798,0
DA:799,0
DA:800,0
DA:802,0
DA:803,0
DA:804,0
DA:805,0
DA:806,0
DA:809,0
DA:810,0
DA:814,0
DA:815,0
DA:821,0
DA:825,0
DA:826,0
DA:827,0
DA:828,0
DA:830,0
DA:831,0
DA:833,0
DA:834,0
DA:836,0
DA:837,0
DA:838,0
DA:841,0
DA:844,0
DA:845,0
DA:853,0
DA:856,0
DA:858,0
DA:859,0
DA:860,0
DA:861,0
DA:862,0
DA:863,0
DA:864,0
DA:865,0
DA:866,0
DA:867,0
DA:868,0
DA:869,0
DA:870,0
DA:871,0
DA:876,0
DA:877,0
DA:892,0
DA:895,0
DA:896,0
DA:898,0
DA:899,0
DA:900,0
DA:903,0
DA:905,0
DA:910,0
DA:915,0
DA:916,0
DA:917,0
DA:922,0
DA:923,0
DA:924,0
DA:929,0
DA:930,0
end_of_record

SF:/mnt/c/Users/Lourens/Documents/Recon-Fuzz/collabs/ebtc/packages/contracts/contracts/LiquidationSequencer.sol
DA:17,36
DA:18,0
DA:19,0
DA:21,0
DA:28,0
DA:29,0
DA:37,2
DA:38,0
DA:39,2
DA:48,33
DA:51,1
DA:52,44
DA:53,10
DA:54,10
DA:59,3
DA:63,1
DA:64,4
DA:66,12
DA:69,10
DA:70,1
DA:71,1
DA:72,1
DA:73,1
DA:75,6
DA:76,1
DA:80,9
DA:85,5
DA:88,5
DA:89,43
DA:93,61
DA:94,60
DA:95,2
DA:97,31
DA:98,9
DA:99,56
DA:100,1
DA:102,8
DA:103,5
DA:104,32
DA:107,6
DA:109,58
DA:112,3
DA:115,2
end_of_record

SF:/mnt/c/Users/Lourens/Documents/Recon-Fuzz/collabs/ebtc/packages/contracts/contracts/PriceFeed.sol
DA:22,0
DA:23,0
DA:26,0
DA:27,0
DA:29,0
DA:31,0
DA:32,0
DA:35,0
DA:38,0
DA:39,0
DA:40,0
DA:45,0
DA:48,0
DA:54,0
DA:57,0
DA:60,0
DA:65,0
DA:74,0
DA:80,0
DA:81,0
DA:83,0
DA:85,0
DA:87,0
DA:88,0
DA:89,0
DA:91,0
DA:92,0
DA:93,0
DA:94,0
DA:95,0
DA:97,0
DA:98,0
DA:99,0
DA:100,0
DA:101,0
DA:103,0
DA:106,0
DA:107,0
DA:108,0
DA:109,0
DA:112,0
DA:113,0
DA:114,0
DA:118,0
DA:121,0
DA:124,0
DA:129,0
DA:130,0
DA:131,0
DA:140,0
DA:142,0
DA:143,0
DA:144,0
DA:145,0
DA:147,0
DA:150,0
DA:152,0
DA:154,0
DA:155,0
DA:156,0
DA:162,0
DA:163,0
DA:168,0
DA:169,0
DA:173,0
DA:175,0
DA:176,0
DA:181,0
DA:183,0
DA:184,0
DA:192,0
DA:195,0
DA:196,0
DA:202,0
DA:203,0
DA:211,0
DA:212,0
DA:222,0
DA:223,0
DA:227,0
DA:231,0
DA:232,0
DA:233,0
DA:241,0
DA:242,0
DA:246,0
DA:247,0
DA:248,0
DA:249,0
DA:250,0
DA:253,0
DA:262,0
DA:266,0
DA:268,0
DA:269,0
DA:270,0
DA:271,0
DA:273,0
DA:284,0
DA:285,0
DA:286,0
DA:287,0
DA:288,0
DA:291,0
DA:300,0
DA:301,0
DA:303,0
DA:304,0
DA:309,0
DA:319,0
DA:321,0
DA:322,0
DA:335,0
DA:337,0
DA:355,0
DA:356,0
DA:361,0
DA:362,0
DA:367,0
DA:368,0
DA:378,0
DA:380,0
DA:381,0
DA:386,0
DA:387,0
DA:392,0
DA:393,0
DA:398,0
DA:399,0
DA:400,0
DA:401,0
DA:402,0
DA:405,0
DA:406,0
DA:424,0
DA:426,0
DA:429,0
DA:430,0
DA:435,0
DA:436,0
DA:437,0
DA:438,0
DA:439,0
DA:440,0
DA:441,0
DA:442,0
DA:443,0
DA:444,0
DA:447,0
DA:449,0
DA:450,0
DA:452,0
DA:453,0
DA:466,0
DA:469,0
DA:470,0
DA:478,0
DA:480,0
DA:481,0
DA:485,0
DA:486,0
DA:487,0
DA:488,0
DA:489,0
DA:491,0
DA:494,0
DA:501,0
DA:503,0
DA:504,0
DA:511,0
DA:514,0
DA:515,0
DA:516,0
DA:523,0
DA:524,0
DA:525,0
DA:531,0
DA:533,0
DA:534,0
DA:537,0
DA:538,0
DA:541,0
DA:542,0
DA:545,0
DA:551,0
DA:553,0
DA:555,0
DA:556,0
DA:559,0
DA:560,0
DA:569,0
DA:573,0
DA:575,0
DA:576,0
DA:577,0
DA:578,0
DA:579,0
DA:581,0
DA:584,0
DA:592,0
DA:595,0
DA:596,0
DA:597,0
DA:600,0
DA:601,0
DA:602,0
DA:603,0
DA:604,0
DA:610,0
DA:615,0
DA:616,0
DA:617,0
DA:622,0
DA:623,0
DA:629,0
DA:631,0
DA:632,0
DA:633,0
DA:639,0
DA:640,0
DA:641,0
DA:649,0
DA:652,0
DA:654,0
DA:655,0
DA:660,0
DA:661,0
DA:662,0
DA:671,0
DA:672,0
DA:677,0
DA:680,0
DA:683,0
DA:684,0
DA:685,0
DA:693,0
DA:694,0
DA:695,0
DA:698,0
DA:701,0
DA:709,0
DA:710,0
DA:711,0
DA:714,0
DA:717,0
DA:718,0
DA:719,0
DA:721,0
DA:723,0
DA:726,0
DA:733,0
DA:734,0
DA:735,0
DA:737,0
DA:744,0
DA:747,0
DA:752,0
DA:753,0
DA:757,0
DA:758,0
DA:759,0
DA:767,0
DA:768,0
DA:769,0
DA:772,0
DA:775,0
DA:783,0
DA:784,0
DA:785,0
DA:788,0
DA:791,0
DA:792,0
DA:793,0
DA:795,0
DA:797,0
DA:800,0
DA:807,0
DA:810,0
DA:812,0
DA:813,0
DA:814,0
DA:815,0
end_of_record

SF:/mnt/c/Users/Lourens/Documents/Recon-Fuzz/collabs/ebtc/packages/contracts/contracts/SortedCdps.sol
DA:51,0
DA:52,0
DA:54,0
DA:56,0
DA:58,0
DA:60,0
DA:61,0
DA:76,0
DA:78,0
DA:80,0
DA:81,0
DA:82,0
DA:89,0
DA:90,0
DA:91,0
DA:94,0
DA:96,0
DA:97,0
DA:106,0
DA:114,0
DA:115,0
DA:124,0
DA:125,0
DA:131,0
DA:141,0
DA:144,0
DA:145,0
DA:156,0
DA:161,0
DA:162,0
DA:174,0
DA:179,0
DA:182,0
DA:183,0
DA:184,0
DA:186,0
DA:188,0
DA:190,0
DA:191,0
DA:194,0
DA:197,0
DA:200,0
DA:203,0
DA:210,0
DA:217,0
DA:218,0
DA:228,0
DA:232,0
DA:233,0
DA:238,0
DA:242,0
DA:245,0
DA:246,0
DA:247,0
DA:249,0
DA:251,0
DA:252,0
DA:254,0
DA:257,0
DA:260,0
DA:264,0
DA:271,0
DA:274,0
DA:275,0
DA:276,0
DA:287,0
DA:291,0
DA:294,0
DA:295,0
DA:300,0
DA:305,0
DA:306,0
DA:307,0
DA:311,0
DA:312,0
DA:317,0
DA:319,0
DA:321,0
DA:322,0
DA:323,0
DA:325,0
DA:328,0
DA:331,0
DA:336,0
DA:345,0
DA:350,0
DA:351,0
DA:352,0
DA:353,0
DA:355,0
DA:358,0
DA:361,0
DA:364,0
DA:366,0
DA:368,0
DA:370,0
DA:372,0
DA:374,0
DA:375,0
DA:377,0
DA:380,0
DA:383,0
DA:385,0
DA:386,0
DA:387,0
DA:389,0
DA:390,0
DA:391,0
DA:392,0
DA:394,0
DA:395,0
DA:396,0
DA:399,0
DA:400,0
DA:401,0
DA:402,0
DA:405,0
DA:406,0
DA:411,0
DA:412,0
DA:413,0
DA:420,0
DA:421,0
DA:422,0
DA:423,0
DA:425,0
DA:426,0
DA:428,0
DA:429,0
DA:433,0
DA:434,0
DA:438,0
DA:439,0
DA:441,0
DA:443,0
DA:444,0
DA:446,0
DA:450,0
DA:451,0
DA:452,0
DA:454,0
DA:457,0
DA:459,0
DA:461,0
DA:463,0
DA:466,0
DA:468,0
DA:469,0
DA:472,0
DA:474,0
DA:478,0
DA:480,0
DA:485,0
DA:486,0
DA:489,0
DA:490,0
DA:491,0
DA:499,0
DA:505,0
DA:507,0
DA:509,0
DA:512,0
DA:514,0
DA:520,0
DA:521,0
DA:522,0
DA:523,0
DA:524,0
DA:526,0
DA:531,0
DA:532,0
DA:537,0
DA:538,0
DA:543,0
DA:544,0
DA:549,0
DA:550,0
DA:555,0
DA:556,0
DA:561,0
DA:562,0
DA:568,0
DA:569,0
DA:575,0
DA:576,0
DA:584,0
DA:588,0
DA:589,0
DA:592,0
DA:596,0
DA:597,0
DA:599,0
DA:600,0
DA:602,0
DA:603,0
DA:605,0
DA:609,0
DA:610,0
DA:611,0
DA:620,0
DA:622,0
DA:623,0
DA:626,0
DA:627,0
DA:630,0
DA:631,0
DA:632,0
DA:635,0
DA:643,0
DA:645,0
DA:646,0
DA:649,0
DA:650,0
DA:653,0
DA:654,0
DA:655,0
DA:658,0
DA:667,0
DA:671,0
DA:672,0
DA:675,0
DA:679,0
DA:680,0
DA:681,0
DA:683,0
DA:684,0
DA:690,0
DA:691,0
DA:697,0
DA:699,0
DA:700,0
DA:702,0
DA:703,0
DA:705,0
DA:708,0
DA:715,0
DA:716,0
DA:720,0
DA:721,0
DA:722,0
end_of_record

SF:/mnt/c/Users/Lourens/Documents/Recon-Fuzz/collabs/ebtc/packages/contracts/contracts/SyncedLiquidationSequencer.sol
DA:12,0
DA:13,0
DA:14,0
DA:21,0
DA:28,0
DA:29,0
DA:36,0
DA:37,0
DA:38,0
DA:45,0
DA:48,0
DA:49,0
DA:50,0
DA:51,0
DA:59,0
DA:63,0
DA:64,0
DA:65,0
DA:66,0
DA:67,0
DA:69,0
DA:72,0
DA:73,0
DA:74,0
DA:75,0
DA:76,0
DA:77,0
DA:78,0
DA:80,0
DA:84,0
DA:85,0
DA:86,0
DA:87,0
DA:88,0
DA:89,0
DA:90,0
DA:91,0
DA:93,0
DA:94,0
DA:96,0
DA:98,0
DA:108,0
DA:112,0
DA:113,0
end_of_record

SF:/mnt/c/Users/Lourens/Documents/Recon-Fuzz/collabs/ebtc/packages/contracts/contracts/TestContracts/AccruableCdpManager.sol
DA:7,0
DA:8,0
DA:20,0
DA:21,0
DA:22,0
DA:23,0
DA:24,0
DA:25,0
DA:26,0
DA:27,0
DA:28,0
DA:35,0
DA:36,0
DA:39,0
DA:40,0
end_of_record

SF:/mnt/c/Users/Lourens/Documents/Recon-Fuzz/collabs/ebtc/packages/contracts/contracts/TestContracts/BaseStorageVariables.sol
DA:57,0
DA:58,0
DA:59,2
DA:61,0
DA:62,2
DA:63,2
DA:64,1
end_of_record

SF:/mnt/c/Users/Lourens/Documents/Recon-Fuzz/collabs/ebtc/packages/contracts/contracts/TestContracts/CRLens.sol
DA:13,91
DA:14,0
DA:15,0
DA:16,0
DA:18,0
DA:19,0
DA:20,0
DA:21,0
DA:28,12
DA:30,44
DA:33,62
DA:34,60
DA:36,4
DA:38,2
DA:39,3
DA:40,3
DA:49,0
DA:50,0
DA:51,0
DA:52,0
DA:53,0
DA:68,19
DA:69,36
DA:70,42
DA:71,62
DA:72,61
DA:74,4
DA:76,2
DA:77,3
DA:78,3
DA:82,0
DA:85,26
DA:86,44
DA:87,0
DA:88,1
DA:89,1
DA:90,0
DA:91,0
DA:92,0
DA:96,12
DA:98,44
DA:101,62
DA:102,74
DA:104,4
DA:106,2
DA:107,3
DA:108,3
DA:119,2
DA:120,7
DA:121,0
DA:123,0
DA:125,0
DA:127,14
DA:133,7
DA:134,13
DA:142,0
DA:143,0
DA:151,13
DA:152,68
DA:153,4
DA:160,9
DA:161,68
DA:162,8
DA:166,0
DA:167,0
DA:168,0
end_of_record

SF:/mnt/c/Users/Lourens/Documents/Recon-Fuzz/collabs/ebtc/packages/contracts/contracts/TestContracts/CollateralTokenTester.sol
DA:13,0
DA:14,0
DA:15,0
DA:16,0
DA:26,0
DA:27,0
DA:28,0
DA:31,0
DA:32,0
DA:35,0
DA:36,0
DA:37,0
DA:39,0
DA:40,0
DA:41,0
DA:44,0
DA:47,0
DA:48,0
DA:49,0
DA:50,0
DA:51,0
DA:53,0
DA:57,0
DA:58,0
DA:59,0
DA:60,0
DA:61,0
DA:62,0
DA:65,0
DA:67,0
DA:68,0
DA:69,0
DA:70,0
DA:72,0
DA:75,0
DA:76,0
DA:77,0
DA:78,0
DA:79,0
DA:80,0
DA:81,0
DA:84,0
DA:85,0
DA:89,0
DA:90,0
DA:91,0
DA:94,0
DA:95,0
DA:96,0
DA:99,0
DA:100,0
DA:101,0
DA:104,0
DA:105,0
DA:106,0
DA:110,0
DA:114,0
DA:115,0
DA:116,0
DA:117,0
DA:120,0
DA:121,0
DA:122,0
DA:123,0
DA:126,0
DA:127,0
DA:130,0
DA:131,0
DA:132,0
DA:134,0
DA:135,0
DA:136,0
DA:139,0
DA:140,0
DA:142,0
DA:144,0
DA:148,0
DA:150,0
DA:153,0
DA:154,0
DA:165,0
DA:166,0
DA:177,0
DA:178,0
DA:181,0
DA:184,0
DA:185,0
DA:188,0
DA:189,0
DA:191,0
DA:193,0
DA:196,0
DA:197,0
DA:200,0
DA:201,0
DA:204,0
DA:206,0
DA:207,0
DA:208,0
DA:209,0
DA:213,0
DA:218,0
DA:219,0
DA:220,0
DA:223,0
DA:226,0
DA:227,0
DA:231,0
DA:232,0
DA:235,0
DA:238,0
DA:239,0
DA:240,0
DA:244,0
DA:245,0
DA:246,0
DA:248,0
DA:249,0
DA:253,0
DA:254,0
DA:255,0
DA:271,0
DA:277,0
DA:278,0
end_of_record

SF:/mnt/c/Users/Lourens/Documents/Recon-Fuzz/collabs/ebtc/packages/contracts/contracts/TestContracts/EBTCTokenTester.sol
DA:7,0
DA:8,0
DA:9,0
DA:11,0
DA:15,0
DA:17,0
DA:23,0
DA:26,0
DA:29,0
DA:32,0
DA:45,0
DA:46,0
DA:49,0
DA:52,0
DA:56,0
DA:62,0
DA:63,0
DA:64,0
DA:65,0
DA:66,0
DA:67,0
DA:68,0
DA:73,0
DA:78,0
DA:79,0
end_of_record

SF:/mnt/c/Users/Lourens/Documents/Recon-Fuzz/collabs/ebtc/packages/contracts/contracts/TestContracts/FunctionCaller.sol
DA:12,0
DA:14,0
DA:17,0
DA:20,0
DA:24,0
DA:25,0
DA:26,0
DA:29,0
DA:30,0
DA:31,0
DA:34,0
DA:35,0
DA:36,0
DA:41,0
DA:44,0
DA:45,0
DA:48,0
DA:52,0
DA:53,0
end_of_record

SF:/mnt/c/Users/Lourens/Documents/Recon-Fuzz/collabs/ebtc/packages/contracts/contracts/TestContracts/Pretty.sol
DA:5,0
DA:6,0
DA:9,0
DA:10,0
DA:11,0
DA:13,0
DA:14,0
DA:19,0
DA:20,0
DA:23,0
DA:24,0
DA:27,0
DA:31,0
DA:32,0
DA:34,0
DA:35,0
DA:38,0
DA:39,0
DA:42,0
DA:44,0
DA:46,0
DA:49,0
DA:50,0
DA:53,0
DA:54,0
DA:57,0
DA:58,0
DA:61,0
DA:62,0
DA:65,0
DA:66,0
DA:69,0
DA:70,0
DA:73,0
DA:74,0
DA:77,0
DA:78,0
DA:81,0
DA:82,0
DA:85,0
DA:87,0
DA:88,0
DA:89,0
DA:90,0
DA:91,0
DA:92,0
DA:93,0
DA:95,0
DA:96,0
DA:97,0
DA:98,0
DA:101,0
DA:102,0
DA:104,0
DA:105,0
DA:106,0
DA:107,0
DA:108,0
DA:110,0
DA:112,0
DA:115,0
DA:116,0
DA:117,0
DA:118,0
DA:119,0
DA:121,0
DA:124,0
DA:125,0
DA:126,0
DA:127,0
DA:128,0
DA:129,0
DA:130,0
DA:131,0
DA:132,0
DA:133,0
DA:134,0
DA:135,0
DA:136,0
DA:137,0
DA:138,0
DA:139,0
DA:140,0
DA:141,0
DA:142,0
DA:143,0
DA:144,0
DA:146,0
DA:150,0
DA:151,0
DA:152,0
DA:153,0
DA:154,0
DA:156,0
DA:158,0
DA:160,0
end_of_record

SF:/mnt/c/Users/Lourens/Documents/Recon-Fuzz/collabs/ebtc/packages/contracts/contracts/TestContracts/PriceFeedOracleTester.sol
DA:7,0
DA:20,0
DA:21,0
DA:26,0
DA:27,0
DA:28,0
DA:31,0
DA:32,0
DA:33,0
DA:34,0
DA:35,0
DA:36,0
DA:37,0
DA:38,0
DA:39,0
DA:40,0
DA:41,0
DA:42,0
DA:43,0
DA:44,0
DA:45,0
DA:46,0
DA:47,0
DA:49,0
DA:50,0
DA:56,0
DA:60,0
DA:62,0
DA:66,0
DA:67,0
DA:68,0
DA:69,0
DA:71,0
DA:75,0
DA:76,0
end_of_record

SF:/mnt/c/Users/Lourens/Documents/Recon-Fuzz/collabs/ebtc/packages/contracts/contracts/TestContracts/WETH9.sol
DA:22,0
DA:23,0
DA:24,0
DA:25,0
DA:32,0
DA:33,0
DA:35,0
DA:36,0
DA:39,0
DA:40,0
DA:41,0
DA:44,0
DA:45,0
DA:46,0
DA:47,0
DA:48,0
DA:51,0
DA:52,0
DA:55,0
DA:56,0
DA:57,0
DA:58,0
DA:61,0
DA:62,0
DA:65,0
DA:66,0
DA:68,0
DA:69,0
DA:70,0
DA:73,0
DA:74,0
DA:76,0
DA:78,0
end_of_record

SF:/mnt/c/Users/Lourens/Documents/Recon-Fuzz/collabs/ebtc/packages/contracts/contracts/TestContracts/invariants/Actor.sol
DA:6,22
DA:10,0
DA:11,0
DA:12,0
DA:13,0
DA:14,0
DA:18,28
DA:21,2
DA:22,66
DA:25,0
DA:29,0
DA:30,0
DA:36,30
DA:42,3
DA:44,21
DA:45,29
DA:46,23
DA:47,2
DA:50,4
DA:52,7
DA:53,13
DA:54,1
DA:57,20
DA:58,95
DA:59,7
DA:63,67
DA:65,2
end_of_record

SF:/mnt/c/Users/Lourens/Documents/Recon-Fuzz/collabs/ebtc/packages/contracts/contracts/TestContracts/invariants/Asserts.sol
DA:23,0
DA:27,0
DA:28,0
DA:31,0
DA:32,0
DA:33,0
DA:34,0
DA:36,0
DA:41,0
DA:45,0
DA:46,0
DA:47,0
DA:49,0
DA:54,2
DA:56,7
DA:58,0
DA:59,0
DA:60,0
DA:63,0
DA:64,0
DA:65,0
DA:66,0
DA:70,0
DA:71,0
DA:75,0
DA:79,8
DA:83,5
DA:85,14
DA:88,6
DA:91,1
DA:92,36
DA:93,29
DA:96,4
DA:97,12
DA:100,2
DA:101,8
DA:104,1
DA:105,9
DA:106,6
end_of_record

SF:/mnt/c/Users/Lourens/Documents/Recon-Fuzz/collabs/ebtc/packages/contracts/contracts/TestContracts/invariants/BeforeAfter.sol
DA:92,2
DA:93,69
DA:95,61
DA:96,64
DA:98,61
DA:100,69
DA:101,8
DA:102,60
DA:103,1
DA:104,11
DA:105,11
DA:106,49
DA:107,7
DA:108,1
DA:109,1
DA:110,11
DA:112,81
DA:113,138
DA:114,65
DA:115,1
DA:116,0
DA:117,0
DA:119,3
DA:120,130
DA:121,69
DA:122,130
DA:123,65
DA:124,65
DA:125,65
DA:126,69
DA:127,62
DA:128,69
DA:129,62
DA:130,69
DA:131,69
DA:132,69
DA:133,68
DA:134,7
DA:135,142
DA:136,17
DA:137,141
DA:138,3
DA:139,71
DA:140,65
DA:141,67
DA:142,70
DA:143,9
DA:146,82
DA:147,13
DA:148,3
DA:149,4
DA:150,3
DA:151,2
DA:152,2
DA:153,67
DA:155,67
DA:156,67
DA:157,67
DA:160,2
DA:161,61
DA:162,60
DA:164,72
DA:166,63
DA:168,70
DA:169,69
DA:170,11
DA:171,67
DA:172,49
DA:173,7
DA:174,1
DA:175,1
DA:176,9
DA:178,77
DA:179,138
DA:180,65
DA:181,1
DA:182,0
DA:183,0
DA:185,3
DA:187,130
DA:188,69
DA:189,130
DA:190,65
DA:191,65
DA:192,65
DA:193,69
DA:194,62
DA:195,71
DA:196,62
DA:197,69
DA:198,69
DA:199,69
DA:200,68
DA:201,22
DA:202,136
DA:203,17
DA:204,143
DA:205,3
DA:206,71
DA:207,65
DA:208,67
DA:210,70
DA:211,9
DA:214,2
DA:215,82
DA:216,13
DA:217,3
DA:218,4
DA:219,3
DA:220,2
DA:221,2
DA:222,69
DA:224,6
DA:225,80
DA:228,67
DA:229,68
DA:230,66
end_of_record

SF:/mnt/c/Users/Lourens/Documents/Recon-Fuzz/collabs/ebtc/packages/contracts/contracts/TestContracts/invariants/Properties.sol
DA:23,0
DA:26,0
DA:27,0
DA:30,0
DA:33,0
DA:34,0
DA:37,0
DA:40,0
DA:41,0
DA:44,0
DA:48,0
DA:49,0
DA:50,0
DA:51,0
DA:53,0
DA:54,0
DA:55,0
DA:57,0
DA:58,0
DA:59,0
DA:62,2
DA:65,0
DA:66,0
DA:67,0
DA:68,0
DA:70,0
DA:71,0
DA:72,0
DA:75,0
DA:77,0
DA:79,2
DA:82,0
DA:85,0
DA:86,0
DA:89,0
DA:90,0
DA:91,0
DA:93,0
DA:95,0
DA:96,0
DA:98,0
DA:101,0
DA:102,0
DA:103,0
DA:104,0
DA:105,0
DA:106,0
DA:107,0
DA:110,0
DA:114,0
DA:116,0
DA:117,0
DA:120,0
DA:121,0
DA:122,0
DA:124,0
DA:127,0
DA:128,0
DA:129,0
DA:134,0
DA:137,0
DA:138,0
DA:140,0
DA:141,0
DA:142,0
DA:143,0
DA:146,0
DA:149,0
DA:152,0
DA:155,0
DA:158,0
DA:163,0
DA:164,0
DA:165,0
DA:167,0
DA:170,0
DA:171,0
DA:172,0
DA:174,0
DA:176,0
DA:177,0
DA:178,0
DA:179,0
DA:180,0
DA:183,0
DA:184,0
DA:190,0
DA:194,0
DA:195,0
DA:196,0
DA:197,0
DA:198,0
DA:200,0
DA:201,0
DA:202,0
DA:203,0
DA:205,0
DA:207,0
DA:210,0
DA:214,0
DA:215,0
DA:217,0
DA:218,0
DA:220,0
DA:222,0
DA:223,0
DA:224,0
DA:226,0
DA:230,0
DA:231,0
DA:234,0
DA:239,0
DA:241,0
DA:242,0
DA:246,0
DA:247,0
DA:248,0
DA:251,0
DA:252,0
DA:255,0
DA:257,0
DA:259,0
DA:262,0
DA:263,0
DA:266,0
DA:271,0
DA:274,0
DA:275,0
DA:276,0
DA:277,0
DA:278,0
DA:279,0
DA:280,0
DA:281,0
DA:282,0
DA:283,0
DA:286,0
DA:291,0
DA:293,0
DA:294,0
DA:295,0
DA:296,0
DA:299,0
DA:303,0
DA:304,0
DA:307,0
DA:308,0
DA:309,0
DA:311,0
DA:315,0
DA:316,0
DA:317,0
DA:318,0
DA:321,0
DA:324,0
DA:326,0
DA:329,0
DA:333,0
DA:334,0
DA:336,0
DA:337,0
DA:338,0
DA:339,0
DA:342,0
DA:343,0
DA:346,0
DA:349,0
DA:354,0
DA:355,0
DA:357,0
DA:358,0
DA:359,0
DA:360,0
DA:361,0
DA:363,0
DA:364,0
DA:366,0
DA:372,0
DA:407,0
DA:408,0
DA:411,0
DA:416,0
DA:417,0
DA:419,0
DA:421,0
DA:422,0
DA:423,0
DA:424,0
DA:425,0
DA:426,0
DA:427,0
DA:428,0
DA:431,0
DA:432,0
DA:433,0
DA:435,0
DA:436,0
DA:437,0
DA:438,0
DA:441,0
DA:447,0
DA:448,0
DA:449,0
DA:452,5
DA:455,0
DA:456,1
DA:457,0
DA:458,0
DA:460,0
DA:464,0
DA:468,0
DA:469,0
DA:470,0
DA:473,0
DA:478,0
DA:479,0
DA:481,0
DA:484,0
DA:485,0
DA:486,0
DA:488,0
DA:489,0
DA:492,0
DA:494,0
DA:497,0
DA:501,0
DA:502,0
DA:507,0
DA:508,0
DA:509,0
DA:511,0
DA:512,0
DA:515,0
DA:525,8
DA:530,0
DA:532,0
DA:535,0
DA:538,0
DA:539,0
DA:541,0
DA:542,0
DA:543,0
DA:547,0
DA:549,0
DA:550,0
DA:555,0
DA:558,0
DA:559,0
DA:562,0
DA:566,0
DA:567,0
DA:568,0
DA:569,0
DA:571,0
end_of_record

SF:/mnt/c/Users/Lourens/Documents/Recon-Fuzz/collabs/ebtc/packages/contracts/contracts/TestContracts/invariants/PropertiesDescriptions.sol
end_of_record

SF:/mnt/c/Users/Lourens/Documents/Recon-Fuzz/collabs/ebtc/packages/contracts/contracts/TestContracts/invariants/Simulator.sol
DA:8,0
DA:9,0
DA:17,0
DA:23,0
DA:24,0
DA:25,0
DA:26,0
DA:29,0
DA:30,0
DA:32,0
DA:33,0
DA:34,0
DA:35,0
DA:37,0
DA:38,0
DA:39,0
DA:41,0
DA:43,0
DA:46,0
DA:49,0
DA:50,0
DA:53,0
DA:54,0
end_of_record

SF:/mnt/c/Users/Lourens/Documents/Recon-Fuzz/collabs/ebtc/packages/contracts/contracts/TestContracts/invariants/TargetContractSetup.sol
DA:343,0
DA:345,0
DA:346,0
DA:347,0
DA:349,0
DA:350,0
DA:351,0
DA:352,0
DA:353,0
DA:354,0
DA:355,0
DA:356,0
DA:357,0
DA:358,0
DA:359,0
DA:362,0
DA:370,0
DA:371,0
DA:372,0
DA:373,0
DA:374,0
DA:375,0
DA:378,0
DA:379,0
DA:380,0
DA:381,0
DA:382,0
DA:383,0
DA:417,0
DA:418,0
DA:419,0
DA:420,0
DA:421,0
DA:422,0
DA:423,0
DA:424,0
DA:425,0
DA:426,0
DA:427,0
DA:428,0
DA:429,0
DA:430,0
DA:431,0
DA:432,0
DA:433,0
DA:434,0
DA:435,0
DA:436,0
DA:439,0
DA:440,0
DA:441,0
DA:443,0
DA:445,0
end_of_record

SF:/mnt/c/Users/Lourens/Documents/Recon-Fuzz/collabs/ebtc/packages/contracts/contracts/TestContracts/invariants/TargetFunctions.sol
DA:32,386
DA:57,8
DA:58,112
DA:59,1
DA:60,70
DA:62,71
DA:64,9
DA:65,64
DA:66,102
DA:68,61
DA:72,6
DA:75,2
DA:76,58
DA:77,1
DA:78,22
DA:79,1
DA:80,22
DA:81,40
DA:82,3
DA:85,4
DA:86,41
DA:91,9
DA:92,70
DA:93,71
DA:94,19
DA:99,6
DA:100,9
DA:101,74
DA:102,46
DA:103,45
DA:105,67
DA:106,16
DA:107,14
DA:108,72
DA:109,27
DA:111,44
DA:112,50
DA:114,26
DA:115,35
DA:117,28
DA:118,45
DA:121,2
DA:126,32
DA:127,50
DA:129,32
DA:130,49
DA:138,32
DA:139,49
DA:147,32
DA:148,49
DA:156,32
DA:157,48
DA:165,20
DA:166,43
DA:167,12
DA:169,38
DA:170,33
DA:173,38
DA:176,4
DA:177,70
DA:178,63
DA:180,7
DA:181,9
DA:182,201
DA:184,61
DA:185,59
DA:187,1
DA:190,6
DA:193,2
DA:194,19
DA:195,4
DA:196,87
DA:197,91
DA:199,3
DA:200,2
DA:209,1
DA:210,10
DA:211,31
DA:215,11
DA:217,2
DA:219,67
DA:221,8
DA:223,63
DA:224,6
DA:226,4
DA:228,0
DA:230,0
DA:231,0
DA:232,0
DA:235,0
DA:237,0
DA:239,0
DA:240,18
DA:241,1
DA:242,2
DA:245,0
DA:247,21
DA:248,0
DA:250,21
DA:251,0
DA:256,0
DA:257,0
DA:260,0
DA:261,0
DA:265,2
DA:266,0
DA:267,1
DA:268,17
DA:270,0
DA:271,0
DA:272,0
DA:273,0
DA:275,0
DA:276,0
DA:277,0
DA:278,0
DA:282,0
DA:284,0
DA:285,0
DA:288,0
DA:289,0
DA:290,0
DA:291,0
DA:292,0
DA:295,0
DA:297,113
DA:298,0
DA:301,0
DA:302,0
DA:303,0
DA:307,11
DA:309,2
DA:311,67
DA:313,8
DA:315,63
DA:316,6
DA:318,9
DA:320,4
DA:322,0
DA:323,0
DA:324,0
DA:333,0
DA:335,0
DA:336,0
DA:338,0
DA:339,0
DA:342,0
DA:343,0
DA:347,0
DA:348,0
DA:353,0
DA:354,0
DA:355,0
DA:360,0
DA:362,0
DA:363,0
DA:369,0
DA:370,0
DA:371,0
DA:372,0
DA:374,0
DA:375,0
DA:376,0
DA:377,0
DA:381,0
DA:383,0
DA:384,0
DA:387,0
DA:388,0
DA:394,1
DA:395,8
DA:396,1
DA:399,8
DA:400,1
DA:403,5
DA:404,4
DA:405,3
DA:406,15
DA:407,3
DA:408,17
DA:411,0
DA:416,6
DA:418,70
DA:419,0
DA:423,5
DA:425,56
DA:426,0
DA:434,11
DA:436,2
DA:438,67
DA:440,44
DA:442,6
DA:444,5
DA:446,65
DA:447,2
DA:448,2
DA:451,1
DA:452,23
DA:453,10
DA:456,75
DA:457,4
DA:458,36
DA:461,5
DA:463,10
DA:464,7
DA:466,9
DA:467,21
DA:468,2
DA:469,1
DA:472,24
DA:473,19
DA:475,2
DA:476,89
DA:477,0
DA:478,0
DA:480,87
DA:481,3
DA:486,2
DA:487,19
DA:488,88
DA:489,0
DA:490,0
DA:494,3
DA:495,2
DA:496,16
DA:500,2
DA:501,16
DA:505,2
DA:506,16
DA:512,3
DA:513,14
DA:514,4
DA:515,7
DA:517,4
DA:518,4
DA:519,4
DA:520,17
DA:524,4
DA:526,20
DA:527,1
DA:529,5
DA:530,40
DA:531,79
DA:534,4
DA:535,6
DA:536,14
DA:537,20
DA:542,11
DA:548,4
DA:549,2
DA:551,1
DA:555,1
DA:556,1
DA:560,11
DA:570,3
DA:571,1
DA:572,1
DA:573,1
DA:574,1
DA:575,1
DA:576,1
DA:577,1
DA:578,1
DA:582,1
DA:591,0
DA:592,72
DA:594,29
DA:596,9
DA:598,4
DA:599,1
DA:600,67
DA:601,36
DA:604,7
DA:606,4
DA:608,0
DA:609,0
DA:611,0
DA:614,0
DA:615,0
DA:616,0
DA:618,0
DA:619,0
DA:620,0
DA:623,0
DA:625,0
DA:626,0
DA:628,0
DA:629,0
DA:630,0
DA:632,0
DA:633,0
DA:636,0
DA:642,0
DA:645,0
DA:647,0
DA:648,0
DA:649,0
DA:650,0
DA:653,0
DA:656,0
DA:658,0
DA:660,0
DA:663,0
DA:665,0
DA:666,0
DA:667,0
DA:668,0
DA:670,0
DA:671,0
DA:672,0
DA:673,0
DA:677,0
DA:679,0
DA:680,0
DA:683,0
DA:690,0
DA:691,0
DA:692,0
DA:695,18
DA:697,2
DA:699,72
DA:700,71
DA:702,5
DA:705,134
DA:706,78
DA:707,6
DA:708,37
DA:709,1
DA:711,3
DA:712,2
DA:713,4
DA:717,7
DA:719,5
DA:721,134
DA:722,85
DA:724,3
DA:725,14
DA:726,4
DA:727,7
DA:729,4
DA:730,4
DA:731,4
DA:732,17
DA:736,4
DA:738,20
DA:739,1
DA:742,4
DA:749,11
DA:751,2
DA:753,29
DA:755,71
DA:757,5
DA:760,134
DA:761,78
DA:762,6
DA:763,37
DA:764,1
DA:766,3
DA:767,2
DA:768,4
DA:773,7
DA:775,5
DA:777,134
DA:778,26
DA:801,39
DA:803,2
DA:806,64
DA:808,83
DA:809,7
DA:810,138
DA:811,1
DA:813,17
DA:814,11
DA:816,77
DA:817,6
DA:818,33
DA:819,1
DA:820,5
DA:824,21
DA:826,5
DA:828,69
DA:829,5
DA:830,27
DA:839,5
DA:840,17
DA:841,4
DA:843,0
DA:844,0
DA:846,0
DA:849,0
DA:851,0
DA:852,0
DA:856,0
DA:857,0
DA:858,0
DA:861,0
DA:862,0
DA:863,0
DA:864,0
DA:866,0
DA:867,0
DA:868,0
DA:869,0
DA:873,0
DA:875,0
DA:876,0
DA:879,0
DA:880,0
DA:881,0
DA:883,0
DA:885,21
DA:889,11
DA:891,2
DA:893,59
DA:894,16
DA:896,13
DA:897,72
DA:898,27
DA:900,12
DA:902,67
DA:903,0
DA:904,0
DA:905,0
DA:906,0
DA:908,0
DA:909,1
DA:910,0
DA:915,77
DA:916,5
DA:917,33
DA:918,1
DA:919,6
DA:920,2
DA:923,21
DA:925,4
DA:927,0
DA:928,0
DA:929,0
DA:938,0
DA:940,0
DA:941,0
DA:942,0
DA:943,0
DA:944,0
DA:946,0
DA:947,0
DA:948,0
DA:949,0
DA:952,0
DA:953,0
DA:955,0
DA:957,0
DA:958,0
DA:963,0
DA:991,11
DA:993,2
DA:995,59
DA:996,16
DA:998,13
DA:999,72
DA:1000,27
DA:1003,5
DA:1004,2
DA:1005,2
DA:1006,80
DA:1009,4
DA:1011,0
DA:1012,0
DA:1013,0
DA:1022,0
DA:1024,0
DA:1025,0
DA:1026,0
DA:1028,0
DA:1029,0
DA:1031,0
DA:1032,0
DA:1037,0
DA:1038,0
DA:1039,0
DA:1040,0
DA:1042,0
DA:1043,0
DA:1044,0
DA:1045,0
DA:1049,0
DA:1051,0
DA:1052,0
DA:1055,0
DA:1059,0
DA:1063,11
DA:1065,2
DA:1067,59
DA:1068,16
DA:1070,13
DA:1071,72
DA:1072,27
DA:1076,8
DA:1078,4
DA:1080,0
DA:1081,0
DA:1082,0
DA:1093,0
DA:1094,0
DA:1096,0
DA:1097,0
DA:1098,0
DA:1099,0
DA:1100,0
DA:1104,0
DA:1105,0
DA:1110,0
DA:1111,0
DA:1112,0
DA:1113,0
DA:1115,0
DA:1116,0
DA:1117,0
DA:1118,0
DA:1122,0
DA:1124,0
DA:1125,0
DA:1128,0
DA:1129,0
DA:1137,13
DA:1139,2
DA:1141,59
DA:1142,25
DA:1144,16
DA:1145,72
DA:1146,27
DA:1148,65
DA:1150,9
DA:1152,4
DA:1154,0
DA:1155,0
DA:1156,0
DA:1164,0
DA:1165,0
DA:1167,0
DA:1170,0
DA:1172,0
DA:1173,0
DA:1175,0
DA:1176,0
DA:1178,0
DA:1179,0
DA:1180,0
DA:1181,0
DA:1184,0
DA:1185,0
DA:1186,0
DA:1187,0
DA:1189,0
DA:1190,0
DA:1191,0
DA:1192,0
DA:1196,0
DA:1198,0
DA:1199,0
DA:1202,0
DA:1203,0
DA:1205,0
DA:1207,0
DA:1211,11
DA:1213,2
DA:1215,67
DA:1217,69
DA:1218,16
DA:1220,13
DA:1221,72
DA:1222,27
DA:1224,4
DA:1226,0
DA:1227,0
DA:1228,0
DA:1231,0
DA:1233,0
DA:1234,0
DA:1235,0
DA:1236,0
DA:1237,0
DA:1238,0
DA:1241,0
DA:1242,0
DA:1243,0
DA:1247,0
DA:1248,0
DA:1249,0
DA:1250,0
DA:1251,0
DA:1252,0
DA:1254,0
DA:1257,0
DA:1258,0
DA:1260,0
DA:1261,0
DA:1263,0
DA:1265,0
DA:1266,0
DA:1267,0
DA:1268,0
DA:1270,0
DA:1271,0
DA:1272,0
DA:1273,0
DA:1277,0
DA:1279,0
DA:1280,0
DA:1283,0
DA:1285,0
DA:1289,11
DA:1294,0
DA:1296,2
DA:1298,59
DA:1299,16
DA:1301,13
DA:1302,72
DA:1303,27
DA:1305,66
DA:1306,9
DA:1307,9
DA:1309,4
DA:1311,0
DA:1312,0
DA:1313,0
DA:1324,0
DA:1326,0
DA:1328,0
DA:1330,0
DA:1332,0
DA:1334,0
DA:1335,0
DA:1340,0
DA:1341,0
DA:1342,0
DA:1343,0
DA:1345,0
DA:1346,0
DA:1347,0
DA:1348,0
DA:1352,0
DA:1354,0
DA:1355,0
DA:1358,0
DA:1359,0
DA:1362,0
DA:1363,0
DA:1366,0
DA:1367,0
DA:1370,0
DA:1372,0
end_of_record

SF:/mnt/c/Users/Lourens/Documents/Recon-Fuzz/collabs/ebtc/packages/contracts/contracts/TestContracts/invariants/echidna/EchidnaAsserts.sol
DA:7,1
DA:8,6
DA:11,1
DA:12,6
DA:15,1
DA:16,6
DA:19,1
DA:20,6
DA:23,5
DA:24,7
DA:27,1
DA:28,5
DA:31,9
DA:32,9
end_of_record

SF:/mnt/c/Users/Lourens/Documents/Recon-Fuzz/collabs/ebtc/packages/contracts/contracts/TestContracts/invariants/echidna/EchidnaForkAssertions.sol
DA:7,0
DA:8,0
DA:11,0
DA:12,0
DA:15,0
DA:16,0
DA:19,0
DA:20,0
DA:23,0
DA:24,0
DA:27,0
DA:28,0
DA:31,0
DA:32,0
DA:35,0
DA:36,0
DA:39,1
DA:40,1
DA:43,0
DA:44,0
DA:47,0
DA:48,0
DA:51,0
DA:52,0
DA:57,0
DA:58,0
DA:61,0
DA:62,0
DA:65,0
DA:66,0
DA:69,0
DA:70,0
DA:73,0
DA:74,0
DA:78,0
DA:79,0
DA:84,0
DA:85,0
DA:88,0
DA:89,0
DA:92,0
DA:93,0
DA:96,0
DA:97,0
DA:100,0
DA:101,0
DA:104,0
DA:105,0
DA:110,0
DA:111,0
DA:114,0
DA:115,0
DA:118,0
DA:119,0
DA:126,0
DA:127,0
DA:135,0
DA:136,0
DA:139,0
DA:140,0
DA:141,0
DA:142,0
DA:143,0
DA:144,0
end_of_record

SF:/mnt/c/Users/Lourens/Documents/Recon-Fuzz/collabs/ebtc/packages/contracts/contracts/TestContracts/invariants/echidna/EchidnaRedemptionForkTester.sol
DA:10,265
DA:11,0
DA:14,0
DA:15,0
DA:18,0
DA:19,0
DA:22,0
DA:24,0
DA:25,0
DA:26,0
DA:27,0
DA:35,0
DA:39,0
DA:41,0
DA:42,0
DA:45,0
DA:47,0
DA:48,0
DA:51,0
DA:52,0
DA:55,0
DA:57,0
DA:58,0
DA:59,0
DA:61,0
DA:62,0
DA:66,0
DA:68,0
DA:69,0
DA:70,0
DA:72,0
DA:75,0
DA:80,0
DA:84,14
DA:85,5
DA:87,35
DA:88,6
DA:89,1
DA:94,5
DA:95,58
DA:96,6
DA:101,4
DA:102,1
DA:103,11
DA:104,11
DA:108,36
DA:109,6
DA:114,51
DA:116,7
DA:121,11
DA:122,9
DA:124,6
DA:125,74
DA:126,40
DA:127,48
DA:128,6
DA:129,43
DA:130,5
DA:131,40
DA:132,45
DA:133,7
DA:135,4
DA:139,29
DA:140,28
DA:142,6
DA:143,44
DA:144,40
DA:145,15
DA:146,5
DA:148,6
DA:149,5
DA:150,2
DA:151,62
DA:152,36
DA:154,40
DA:155,15
DA:156,5
DA:157,44
DA:158,40
DA:159,15
DA:165,11
DA:166,5
DA:169,4
DA:170,58
DA:171,6
DA:172,2
DA:176,4
DA:177,1
DA:178,11
DA:179,5
DA:182,10
DA:183,5
DA:184,1
end_of_record

SF:/mnt/c/Users/Lourens/Documents/Recon-Fuzz/collabs/ebtc/packages/contracts/contracts/TestContracts/testnet/PriceFeedTestnet.sol
DA:15,0
DA:18,0
DA:19,0
DA:20,0
DA:22,0
DA:23,0
DA:28,0
DA:33,0
DA:35,0
DA:37,0
DA:43,0
DA:44,0
DA:47,0
DA:50,0
DA:51,0
DA:52,0
DA:53,0
DA:56,0
DA:57,0
DA:61,0
DA:62,0
DA:63,0
DA:67,0
DA:68,0
DA:69,0
DA:72,0
DA:73,0
DA:74,0
DA:75,0
DA:83,0
DA:86,0
DA:88,0
DA:89,0
DA:90,0
DA:93,0
DA:98,0
DA:99,0
DA:100,0
DA:102,0
DA:104,0
end_of_record

SF:/mnt/c/Users/Lourens/Documents/Recon-Fuzz/collabs/ebtc/packages/contracts/node_modules/@crytic/properties/contracts/util/Hevm.sol
DA:35,2
end_of_record

SF:/mnt/c/Users/Lourens/Documents/Recon-Fuzz/collabs/ebtc/packages/contracts/node_modules/@crytic/properties/contracts/util/PropertiesConstants.sol
DA:5,0
DA:6,0
DA:7,0
end_of_record

SF:/mnt/c/Users/Lourens/Documents/Recon-Fuzz/collabs/ebtc/packages/contracts/node_modules/@crytic/properties/contracts/util/PropertiesHelper.sol
DA:16,1
DA:17,3
DA:18,0
DA:19,0
DA:24,1
DA:25,5
DA:26,0
DA:27,0
DA:28,0
DA:30,0
DA:32,0
DA:34,0
DA:36,0
DA:37,0
DA:96,1
DA:97,6
DA:98,0
DA:99,0
DA:100,0
DA:102,0
DA:104,0
DA:106,0
DA:108,0
DA:132,1
DA:133,5
DA:134,0
DA:135,0
DA:136,0
DA:138,0
DA:140,0
DA:142,0
DA:144,0
DA:168,1
DA:169,6
DA:170,0
DA:171,0
DA:172,0
DA:174,0
DA:176,0
DA:178,0
DA:180,0
DA:204,1
DA:205,5
DA:206,0
DA:207,0
DA:208,0
DA:210,0
DA:212,0
DA:214,0
DA:216,0
DA:240,3
DA:244,1
DA:245,15
DA:246,27
DA:247,8
DA:248,8
DA:249,26
DA:251,1
DA:253,1
DA:255,17
DA:256,9
DA:258,2
DA:447,0
DA:457,4
DA:463,4
DA:466,3
DA:469,6
DA:472,3
DA:475,1
DA:480,3
DA:482,5
DA:486,7
DA:489,3
DA:492,2
DA:496,3
DA:499,4
DA:502,3
end_of_record

